
Start-Date: 2023-01-10  15:18:41
Commandline: apt install hostapd dnsmasq iptables
Requested-By: pi (1000)
Install: dnsmasq:arm64 (2.85-1), hostapd:arm64 (2:2.9.0-21)
End-Date: 2023-01-10  15:19:08

Start-Date: 2023-01-10  15:21:23
Commandline: apt upgrade
Requested-By: pi (1000)
Upgrade: libntfs-3g883:arm64 (1:2017.3.23AR.3-4+deb11u2, 1:2017.3.23AR.3-4+deb11u3), python3-kms++:arm64 (0~git20211110~105525+2236a8c-1, 0~git20221104~171243+adc05b6-1), bind9-host:arm64 (1:9.16.27-1~deb11u1, 1:9.16.33-1~deb11u1), raspberrypi-bootloader:arm64 (1:1.20220830-1, 1:1.20230106-1), libgssapi-krb5-2:arm64 (1.18.3-6+deb11u2, 1.18.3-6+deb11u3), libnftables1:arm64 (0.9.8-3.1, 0.9.8-3.1+deb11u1), firmware-brcm80211:arm64 (1:20210315-3+rpt7, 1:20221012-1~bpo11+1+rpt1), rpi-eeprom:arm64 (13.16-1, 15.1-1), tzdata:arm64 (2021a-1+deb11u5, 2021a-1+deb11u8), ntfs-3g:arm64 (1:2017.3.23AR.3-4+deb11u2, 1:2017.3.23AR.3-4+deb11u3), libtasn1-6:arm64 (4.16.0-2, 4.16.0-2+deb11u1), raspi-config:arm64 (20220920, 20221214), libexpat1:arm64 (2.2.10-2+deb11u3, 2.2.10-2+deb11u5), firmware-atheros:arm64 (1:20210315-3+rpt7, 1:20221012-1~bpo11+1+rpt1), libdbus-1-3:arm64 (1.12.20-2, 1.12.24-0+deb11u1), libkrb5support0:arm64 (1.18.3-6+deb11u2, 1.18.3-6+deb11u3), libxml2:arm64 (2.9.10+dfsg-6.7+deb11u2, 2.9.10+dfsg-6.7+deb11u3), python3-picamera2:arm64 (0.3.3-1, 0.3.8-1), libkms++0:arm64 (0~git20211110~105525+2236a8c-1, 0~git20221104~171243+adc05b6-1), isc-dhcp-common:arm64 (4.4.1-2.3, 4.4.1-2.3+deb11u1), libc6:arm64 (2.31-13+rpt2+rpi1+deb11u4, 2.31-13+rpt2+rpi1+deb11u5), locales:arm64 (2.31-13+rpt2+rpi1+deb11u4, 2.31-13+rpt2+rpi1+deb11u5), libkrb5-3:arm64 (1.18.3-6+deb11u2, 1.18.3-6+deb11u3), isc-dhcp-client:arm64 (4.4.1-2.3, 4.4.1-2.3+deb11u1), firmware-realtek:arm64 (1:20210315-3+rpt7, 1:20221012-1~bpo11+1+rpt1), libcamera-apps-lite:arm64 (0~git20220830+1bf0cca-1, 0~git20230104+4fea2ee-1), base-files:arm64 (11.1+deb11u5, 11.1+deb11u6), libk5crypto3:arm64 (1.18.3-6+deb11u2, 1.18.3-6+deb11u3), firmware-libertas:arm64 (1:20210315-3+rpt7, 1:20221012-1~bpo11+1+rpt1), bluez-firmware:arm64 (1.2-4+rpt8, 1.2-4+rpt10), firmware-misc-nonfree:arm64 (1:20210315-3+rpt7, 1:20221012-1~bpo11+1+rpt1), raspinfo:arm64 (20190624-1, 20221220-1), distro-info-data:arm64 (0.51+deb11u2, 0.51+deb11u3), libbluetooth3:arm64 (5.55-3.1+rpt1, 5.55-3.1+rpt2), libc-dev-bin:arm64 (2.31-13+rpt2+rpi1+deb11u4, 2.31-13+rpt2+rpi1+deb11u5), libcamera0:arm64 (0~git20220826+3fad116f-1, 0~git20230105+5df5b72c-1), nano:arm64 (5.4-2+deb11u1, 5.4-2+deb11u2), libc-l10n:arm64 (2.31-13+rpt2+rpi1+deb11u4, 2.31-13+rpt2+rpi1+deb11u5), bind9-libs:arm64 (1:9.16.27-1~deb11u1, 1:9.16.33-1~deb11u1), libc-bin:arm64 (2.31-13+rpt2+rpi1+deb11u4, 2.31-13+rpt2+rpi1+deb11u5), libc-devtools:arm64 (2.31-13+rpt2+rpi1+deb11u4, 2.31-13+rpt2+rpi1+deb11u5), dhcpcd5:arm64 (1:8.1.2-1+rpt7, 1:8.1.2-1+rpt9), libc6-dbg:arm64 (2.31-13+rpt2+rpi1+deb11u4, 2.31-13+rpt2+rpi1+deb11u5), libc6-dev:arm64 (2.31-13+rpt2+rpi1+deb11u4, 2.31-13+rpt2+rpi1+deb11u5), libksba8:arm64 (1.5.0-3, 1.5.0-3+deb11u2), bluez:arm64 (5.55-3.1+rpt1, 5.55-3.1+rpt2), raspberrypi-kernel:arm64 (1:1.20220830-1, 1:1.20230106-1), python3-libcamera:arm64 (0~git20220826+3fad116f-1, 0~git20230105+5df5b72c-1), dbus:arm64 (1.12.20-2, 1.12.24-0+deb11u1), raspberrypi-sys-mods:arm64 (20220915, 20221019), nftables:arm64 (0.9.8-3.1, 0.9.8-3.1+deb11u1), linux-libc-dev:arm64 (1:1.20220830-1, 1:1.20230106-1)
End-Date: 2023-01-10  15:30:48

Start-Date: 2023-01-11  13:27:17
Commandline: apt-get install mosquitto
Requested-By: pi (1000)
Install: mosquitto:arm64 (2.0.11-1), libcjson1:arm64 (1.7.14-1, automatic), libwebsockets16:arm64 (4.0.20-2, automatic), libdlt2:arm64 (2.18.6-1+deb11u1, automatic), libev4:arm64 (1:4.33-1, automatic), libmosquitto1:arm64 (2.0.11-1, automatic)
End-Date: 2023-01-11  13:27:35

Start-Date: 2023-01-11  13:32:33
Commandline: apt-get install mosquitto-clients
Requested-By: pi (1000)
Install: mosquitto-clients:arm64 (2.0.11-1)
End-Date: 2023-01-11  13:32:38

Start-Date: 2023-01-14  14:36:28
Commandline: apt install tcpdump
Requested-By: pi (1000)
Install: tcpdump:arm64 (4.99.0-2+deb11u1)
End-Date: 2023-01-14  14:36:37

Start-Date: 2023-01-14  15:34:33
Commandline: apt install git
Requested-By: pi (1000)
Install: git:arm64 (1:2.30.2-1), liberror-perl:arm64 (0.17029-1, automatic), git-man:arm64 (1:2.30.2-1, automatic)
End-Date: 2023-01-14  15:35:14
