2023-01-10 15:18:41 startup archives unpack
2023-01-10 15:18:44 install hostapd:arm64 <none> 2:2.9.0-21
2023-01-10 15:18:44 status half-installed hostapd:arm64 2:2.9.0-21
2023-01-10 15:18:45 status triggers-pending man-db:arm64 2.9.4-2
2023-01-10 15:18:45 status unpacked hostapd:arm64 2:2.9.0-21
2023-01-10 15:18:45 install dnsmasq:all <none> 2.85-1
2023-01-10 15:18:45 status half-installed dnsmasq:all 2.85-1
2023-01-10 15:18:46 status unpacked dnsmasq:all 2.85-1
2023-01-10 15:18:46 startup packages configure
2023-01-10 15:18:46 configure dnsmasq:all 2.85-1 <none>
2023-01-10 15:18:46 status unpacked dnsmasq:all 2.85-1
2023-01-10 15:18:46 status half-configured dnsmasq:all 2.85-1
2023-01-10 15:18:54 status installed dnsmasq:all 2.85-1
2023-01-10 15:18:54 configure hostapd:arm64 2:2.9.0-21 <none>
2023-01-10 15:18:54 status unpacked hostapd:arm64 2:2.9.0-21
2023-01-10 15:18:54 status half-configured hostapd:arm64 2:2.9.0-21
2023-01-10 15:19:03 status installed hostapd:arm64 2:2.9.0-21
2023-01-10 15:19:03 trigproc man-db:arm64 2.9.4-2 <none>
2023-01-10 15:19:03 status half-configured man-db:arm64 2.9.4-2
2023-01-10 15:19:08 status installed man-db:arm64 2.9.4-2
2023-01-10 15:21:23 startup archives unpack
2023-01-10 15:21:24 upgrade base-files:arm64 11.1+deb11u5 11.1+deb11u6
2023-01-10 15:21:24 status half-configured base-files:arm64 11.1+deb11u5
2023-01-10 15:21:24 status unpacked base-files:arm64 11.1+deb11u5
2023-01-10 15:21:24 status half-installed base-files:arm64 11.1+deb11u5
2023-01-10 15:21:25 status triggers-pending man-db:arm64 2.9.4-2
2023-01-10 15:21:25 status unpacked base-files:arm64 11.1+deb11u6
2023-01-10 15:21:26 startup packages configure
2023-01-10 15:21:26 configure base-files:arm64 11.1+deb11u6 <none>
2023-01-10 15:21:26 status unpacked base-files:arm64 11.1+deb11u6
2023-01-10 15:21:26 status half-configured base-files:arm64 11.1+deb11u6
2023-01-10 15:21:26 status installed base-files:arm64 11.1+deb11u6
2023-01-10 15:21:26 startup archives unpack
2023-01-10 15:21:27 upgrade libc-devtools:arm64 2.31-13+rpt2+rpi1+deb11u4 2.31-13+rpt2+rpi1+deb11u5
2023-01-10 15:21:27 status half-configured libc-devtools:arm64 2.31-13+rpt2+rpi1+deb11u4
2023-01-10 15:21:27 status unpacked libc-devtools:arm64 2.31-13+rpt2+rpi1+deb11u4
2023-01-10 15:21:27 status half-installed libc-devtools:arm64 2.31-13+rpt2+rpi1+deb11u4
2023-01-10 15:21:28 status unpacked libc-devtools:arm64 2.31-13+rpt2+rpi1+deb11u5
2023-01-10 15:21:28 upgrade libc6-dev:arm64 2.31-13+rpt2+rpi1+deb11u4 2.31-13+rpt2+rpi1+deb11u5
2023-01-10 15:21:28 status half-configured libc6-dev:arm64 2.31-13+rpt2+rpi1+deb11u4
2023-01-10 15:21:28 status unpacked libc6-dev:arm64 2.31-13+rpt2+rpi1+deb11u4
2023-01-10 15:21:28 status half-installed libc6-dev:arm64 2.31-13+rpt2+rpi1+deb11u4
2023-01-10 15:21:40 status unpacked libc6-dev:arm64 2.31-13+rpt2+rpi1+deb11u5
2023-01-10 15:21:41 upgrade libc-dev-bin:arm64 2.31-13+rpt2+rpi1+deb11u4 2.31-13+rpt2+rpi1+deb11u5
2023-01-10 15:21:41 status half-configured libc-dev-bin:arm64 2.31-13+rpt2+rpi1+deb11u4
2023-01-10 15:21:41 status unpacked libc-dev-bin:arm64 2.31-13+rpt2+rpi1+deb11u4
2023-01-10 15:21:41 status half-installed libc-dev-bin:arm64 2.31-13+rpt2+rpi1+deb11u4
2023-01-10 15:21:42 status unpacked libc-dev-bin:arm64 2.31-13+rpt2+rpi1+deb11u5
2023-01-10 15:21:42 upgrade linux-libc-dev:arm64 1:1.20220830-1 1:1.20230106-1
2023-01-10 15:21:42 status half-configured linux-libc-dev:arm64 1:1.20220830-1
2023-01-10 15:21:42 status unpacked linux-libc-dev:arm64 1:1.20220830-1
2023-01-10 15:21:42 status half-installed linux-libc-dev:arm64 1:1.20220830-1
2023-01-10 15:21:59 status unpacked linux-libc-dev:arm64 1:1.20230106-1
2023-01-10 15:22:01 upgrade libc6-dbg:arm64 2.31-13+rpt2+rpi1+deb11u4 2.31-13+rpt2+rpi1+deb11u5
2023-01-10 15:22:01 status half-configured libc6-dbg:arm64 2.31-13+rpt2+rpi1+deb11u4
2023-01-10 15:22:01 status unpacked libc6-dbg:arm64 2.31-13+rpt2+rpi1+deb11u4
2023-01-10 15:22:02 status half-installed libc6-dbg:arm64 2.31-13+rpt2+rpi1+deb11u4
2023-01-10 15:22:11 status unpacked libc6-dbg:arm64 2.31-13+rpt2+rpi1+deb11u5
2023-01-10 15:22:12 upgrade libc6:arm64 2.31-13+rpt2+rpi1+deb11u4 2.31-13+rpt2+rpi1+deb11u5
2023-01-10 15:22:12 status triggers-pending libc-bin:arm64 2.31-13+rpt2+rpi1+deb11u4
2023-01-10 15:22:12 status half-configured libc6:arm64 2.31-13+rpt2+rpi1+deb11u4
2023-01-10 15:22:12 status unpacked libc6:arm64 2.31-13+rpt2+rpi1+deb11u4
2023-01-10 15:22:12 status half-installed libc6:arm64 2.31-13+rpt2+rpi1+deb11u4
2023-01-10 15:22:24 status unpacked libc6:arm64 2.31-13+rpt2+rpi1+deb11u5
2023-01-10 15:22:25 startup packages configure
2023-01-10 15:22:25 configure libc6:arm64 2.31-13+rpt2+rpi1+deb11u5 <none>
2023-01-10 15:22:25 status unpacked libc6:arm64 2.31-13+rpt2+rpi1+deb11u5
2023-01-10 15:22:25 status half-configured libc6:arm64 2.31-13+rpt2+rpi1+deb11u5
2023-01-10 15:22:27 status installed libc6:arm64 2.31-13+rpt2+rpi1+deb11u5
2023-01-10 15:22:28 startup archives unpack
2023-01-10 15:22:29 upgrade libc-bin:arm64 2.31-13+rpt2+rpi1+deb11u4 2.31-13+rpt2+rpi1+deb11u5
2023-01-10 15:22:29 status half-configured libc-bin:arm64 2.31-13+rpt2+rpi1+deb11u4
2023-01-10 15:22:29 status unpacked libc-bin:arm64 2.31-13+rpt2+rpi1+deb11u4
2023-01-10 15:22:29 status half-installed libc-bin:arm64 2.31-13+rpt2+rpi1+deb11u4
2023-01-10 15:22:31 status unpacked libc-bin:arm64 2.31-13+rpt2+rpi1+deb11u5
2023-01-10 15:22:31 startup packages configure
2023-01-10 15:22:31 configure libc-bin:arm64 2.31-13+rpt2+rpi1+deb11u5 <none>
2023-01-10 15:22:31 status unpacked libc-bin:arm64 2.31-13+rpt2+rpi1+deb11u5
2023-01-10 15:22:31 status half-configured libc-bin:arm64 2.31-13+rpt2+rpi1+deb11u5
2023-01-10 15:22:36 status installed libc-bin:arm64 2.31-13+rpt2+rpi1+deb11u5
2023-01-10 15:22:36 startup archives unpack
2023-01-10 15:22:37 upgrade nftables:arm64 0.9.8-3.1 0.9.8-3.1+deb11u1
2023-01-10 15:22:37 status half-configured nftables:arm64 0.9.8-3.1
2023-01-10 15:22:37 status unpacked nftables:arm64 0.9.8-3.1
2023-01-10 15:22:37 status half-installed nftables:arm64 0.9.8-3.1
2023-01-10 15:22:39 status unpacked nftables:arm64 0.9.8-3.1+deb11u1
2023-01-10 15:22:39 upgrade libnftables1:arm64 0.9.8-3.1 0.9.8-3.1+deb11u1
2023-01-10 15:22:39 status triggers-pending libc-bin:arm64 2.31-13+rpt2+rpi1+deb11u5
2023-01-10 15:22:39 status half-configured libnftables1:arm64 0.9.8-3.1
2023-01-10 15:22:39 status unpacked libnftables1:arm64 0.9.8-3.1
2023-01-10 15:22:39 status half-installed libnftables1:arm64 0.9.8-3.1
2023-01-10 15:22:40 status unpacked libnftables1:arm64 0.9.8-3.1+deb11u1
2023-01-10 15:22:40 upgrade dbus:arm64 1.12.20-2 1.12.24-0+deb11u1
2023-01-10 15:22:40 status half-configured dbus:arm64 1.12.20-2
2023-01-10 15:22:40 status unpacked dbus:arm64 1.12.20-2
2023-01-10 15:22:40 status half-installed dbus:arm64 1.12.20-2
2023-01-10 15:22:42 status unpacked dbus:arm64 1.12.24-0+deb11u1
2023-01-10 15:22:42 upgrade libdbus-1-3:arm64 1.12.20-2 1.12.24-0+deb11u1
2023-01-10 15:22:42 status half-configured libdbus-1-3:arm64 1.12.20-2
2023-01-10 15:22:42 status unpacked libdbus-1-3:arm64 1.12.20-2
2023-01-10 15:22:42 status half-installed libdbus-1-3:arm64 1.12.20-2
2023-01-10 15:22:43 status unpacked libdbus-1-3:arm64 1.12.24-0+deb11u1
2023-01-10 15:22:43 upgrade libexpat1:arm64 2.2.10-2+deb11u3 2.2.10-2+deb11u5
2023-01-10 15:22:43 status half-configured libexpat1:arm64 2.2.10-2+deb11u3
2023-01-10 15:22:43 status unpacked libexpat1:arm64 2.2.10-2+deb11u3
2023-01-10 15:22:43 status half-installed libexpat1:arm64 2.2.10-2+deb11u3
2023-01-10 15:22:43 status unpacked libexpat1:arm64 2.2.10-2+deb11u5
2023-01-10 15:22:43 upgrade bluez:arm64 5.55-3.1+rpt1 5.55-3.1+rpt2
2023-01-10 15:22:43 status half-configured bluez:arm64 5.55-3.1+rpt1
2023-01-10 15:22:44 status unpacked bluez:arm64 5.55-3.1+rpt1
2023-01-10 15:22:44 status half-installed bluez:arm64 5.55-3.1+rpt1
2023-01-10 15:22:48 status unpacked bluez:arm64 5.55-3.1+rpt2
2023-01-10 15:22:48 upgrade libk5crypto3:arm64 1.18.3-6+deb11u2 1.18.3-6+deb11u3
2023-01-10 15:22:48 status half-configured libk5crypto3:arm64 1.18.3-6+deb11u2
2023-01-10 15:22:48 status unpacked libk5crypto3:arm64 1.18.3-6+deb11u2
2023-01-10 15:22:48 status half-installed libk5crypto3:arm64 1.18.3-6+deb11u2
2023-01-10 15:22:48 status unpacked libk5crypto3:arm64 1.18.3-6+deb11u3
2023-01-10 15:22:49 startup packages configure
2023-01-10 15:22:49 configure libk5crypto3:arm64 1.18.3-6+deb11u3 <none>
2023-01-10 15:22:49 status unpacked libk5crypto3:arm64 1.18.3-6+deb11u3
2023-01-10 15:22:49 status half-configured libk5crypto3:arm64 1.18.3-6+deb11u3
2023-01-10 15:22:49 status installed libk5crypto3:arm64 1.18.3-6+deb11u3
2023-01-10 15:22:49 startup archives unpack
2023-01-10 15:22:50 upgrade libkrb5support0:arm64 1.18.3-6+deb11u2 1.18.3-6+deb11u3
2023-01-10 15:22:50 status half-configured libkrb5support0:arm64 1.18.3-6+deb11u2
2023-01-10 15:22:50 status unpacked libkrb5support0:arm64 1.18.3-6+deb11u2
2023-01-10 15:22:50 status half-installed libkrb5support0:arm64 1.18.3-6+deb11u2
2023-01-10 15:22:51 status unpacked libkrb5support0:arm64 1.18.3-6+deb11u3
2023-01-10 15:22:51 startup packages configure
2023-01-10 15:22:51 configure libkrb5support0:arm64 1.18.3-6+deb11u3 <none>
2023-01-10 15:22:51 status unpacked libkrb5support0:arm64 1.18.3-6+deb11u3
2023-01-10 15:22:51 status half-configured libkrb5support0:arm64 1.18.3-6+deb11u3
2023-01-10 15:22:51 status installed libkrb5support0:arm64 1.18.3-6+deb11u3
2023-01-10 15:22:51 startup archives unpack
2023-01-10 15:22:52 upgrade libkrb5-3:arm64 1.18.3-6+deb11u2 1.18.3-6+deb11u3
2023-01-10 15:22:52 status half-configured libkrb5-3:arm64 1.18.3-6+deb11u2
2023-01-10 15:22:52 status unpacked libkrb5-3:arm64 1.18.3-6+deb11u2
2023-01-10 15:22:52 status half-installed libkrb5-3:arm64 1.18.3-6+deb11u2
2023-01-10 15:22:53 status unpacked libkrb5-3:arm64 1.18.3-6+deb11u3
2023-01-10 15:22:53 startup packages configure
2023-01-10 15:22:53 configure libkrb5-3:arm64 1.18.3-6+deb11u3 <none>
2023-01-10 15:22:53 status unpacked libkrb5-3:arm64 1.18.3-6+deb11u3
2023-01-10 15:22:53 status half-configured libkrb5-3:arm64 1.18.3-6+deb11u3
2023-01-10 15:22:53 status installed libkrb5-3:arm64 1.18.3-6+deb11u3
2023-01-10 15:22:53 startup archives unpack
2023-01-10 15:22:54 upgrade libgssapi-krb5-2:arm64 1.18.3-6+deb11u2 1.18.3-6+deb11u3
2023-01-10 15:22:54 status half-configured libgssapi-krb5-2:arm64 1.18.3-6+deb11u2
2023-01-10 15:22:54 status unpacked libgssapi-krb5-2:arm64 1.18.3-6+deb11u2
2023-01-10 15:22:54 status half-installed libgssapi-krb5-2:arm64 1.18.3-6+deb11u2
2023-01-10 15:22:55 status unpacked libgssapi-krb5-2:arm64 1.18.3-6+deb11u3
2023-01-10 15:22:55 startup packages configure
2023-01-10 15:22:55 configure libgssapi-krb5-2:arm64 1.18.3-6+deb11u3 <none>
2023-01-10 15:22:55 status unpacked libgssapi-krb5-2:arm64 1.18.3-6+deb11u3
2023-01-10 15:22:55 status half-configured libgssapi-krb5-2:arm64 1.18.3-6+deb11u3
2023-01-10 15:22:55 status installed libgssapi-krb5-2:arm64 1.18.3-6+deb11u3
2023-01-10 15:22:56 startup archives unpack
2023-01-10 15:22:57 upgrade libtasn1-6:arm64 4.16.0-2 4.16.0-2+deb11u1
2023-01-10 15:22:57 status half-configured libtasn1-6:arm64 4.16.0-2
2023-01-10 15:22:57 status unpacked libtasn1-6:arm64 4.16.0-2
2023-01-10 15:22:57 status half-installed libtasn1-6:arm64 4.16.0-2
2023-01-10 15:22:57 status unpacked libtasn1-6:arm64 4.16.0-2+deb11u1
2023-01-10 15:22:57 startup packages configure
2023-01-10 15:22:57 configure libtasn1-6:arm64 4.16.0-2+deb11u1 <none>
2023-01-10 15:22:57 status unpacked libtasn1-6:arm64 4.16.0-2+deb11u1
2023-01-10 15:22:57 status half-configured libtasn1-6:arm64 4.16.0-2+deb11u1
2023-01-10 15:22:57 status installed libtasn1-6:arm64 4.16.0-2+deb11u1
2023-01-10 15:22:58 startup archives unpack
2023-01-10 15:22:59 upgrade tzdata:all 2021a-1+deb11u5 2021a-1+deb11u8
2023-01-10 15:22:59 status half-configured tzdata:all 2021a-1+deb11u5
2023-01-10 15:22:59 status unpacked tzdata:all 2021a-1+deb11u5
2023-01-10 15:22:59 status half-installed tzdata:all 2021a-1+deb11u5
2023-01-10 15:23:27 status unpacked tzdata:all 2021a-1+deb11u8
2023-01-10 15:23:30 upgrade isc-dhcp-client:arm64 4.4.1-2.3 4.4.1-2.3+deb11u1
2023-01-10 15:23:30 status half-configured isc-dhcp-client:arm64 4.4.1-2.3
2023-01-10 15:23:30 status unpacked isc-dhcp-client:arm64 4.4.1-2.3
2023-01-10 15:23:30 status half-installed isc-dhcp-client:arm64 4.4.1-2.3
2023-01-10 15:23:31 status unpacked isc-dhcp-client:arm64 4.4.1-2.3+deb11u1
2023-01-10 15:23:31 upgrade isc-dhcp-common:arm64 4.4.1-2.3 4.4.1-2.3+deb11u1
2023-01-10 15:23:31 status half-configured isc-dhcp-common:arm64 4.4.1-2.3
2023-01-10 15:23:31 status unpacked isc-dhcp-common:arm64 4.4.1-2.3
2023-01-10 15:23:31 status half-installed isc-dhcp-common:arm64 4.4.1-2.3
2023-01-10 15:23:31 status unpacked isc-dhcp-common:arm64 4.4.1-2.3+deb11u1
2023-01-10 15:23:32 upgrade nano:arm64 5.4-2+deb11u1 5.4-2+deb11u2
2023-01-10 15:23:32 status half-configured nano:arm64 5.4-2+deb11u1
2023-01-10 15:23:32 status unpacked nano:arm64 5.4-2+deb11u1
2023-01-10 15:23:32 status half-installed nano:arm64 5.4-2+deb11u1
2023-01-10 15:23:34 status unpacked nano:arm64 5.4-2+deb11u2
2023-01-10 15:23:35 upgrade libxml2:arm64 2.9.10+dfsg-6.7+deb11u2 2.9.10+dfsg-6.7+deb11u3
2023-01-10 15:23:35 status half-configured libxml2:arm64 2.9.10+dfsg-6.7+deb11u2
2023-01-10 15:23:35 status unpacked libxml2:arm64 2.9.10+dfsg-6.7+deb11u2
2023-01-10 15:23:35 status half-installed libxml2:arm64 2.9.10+dfsg-6.7+deb11u2
2023-01-10 15:23:36 status unpacked libxml2:arm64 2.9.10+dfsg-6.7+deb11u3
2023-01-10 15:23:36 upgrade bind9-libs:arm64 1:9.16.27-1~deb11u1 1:9.16.33-1~deb11u1
2023-01-10 15:23:36 status half-configured bind9-libs:arm64 1:9.16.27-1~deb11u1
2023-01-10 15:23:36 status unpacked bind9-libs:arm64 1:9.16.27-1~deb11u1
2023-01-10 15:23:36 status half-installed bind9-libs:arm64 1:9.16.27-1~deb11u1
2023-01-10 15:23:37 status unpacked bind9-libs:arm64 1:9.16.33-1~deb11u1
2023-01-10 15:23:38 upgrade bind9-host:arm64 1:9.16.27-1~deb11u1 1:9.16.33-1~deb11u1
2023-01-10 15:23:38 status half-configured bind9-host:arm64 1:9.16.27-1~deb11u1
2023-01-10 15:23:38 status unpacked bind9-host:arm64 1:9.16.27-1~deb11u1
2023-01-10 15:23:38 status half-installed bind9-host:arm64 1:9.16.27-1~deb11u1
2023-01-10 15:23:38 status unpacked bind9-host:arm64 1:9.16.33-1~deb11u1
2023-01-10 15:23:38 upgrade libc-l10n:all 2.31-13+rpt2+rpi1+deb11u4 2.31-13+rpt2+rpi1+deb11u5
2023-01-10 15:23:38 status half-configured libc-l10n:all 2.31-13+rpt2+rpi1+deb11u4
2023-01-10 15:23:38 status unpacked libc-l10n:all 2.31-13+rpt2+rpi1+deb11u4
2023-01-10 15:23:38 status half-installed libc-l10n:all 2.31-13+rpt2+rpi1+deb11u4
2023-01-10 15:23:40 status unpacked libc-l10n:all 2.31-13+rpt2+rpi1+deb11u5
2023-01-10 15:23:40 upgrade locales:all 2.31-13+rpt2+rpi1+deb11u4 2.31-13+rpt2+rpi1+deb11u5
2023-01-10 15:23:40 status half-configured locales:all 2.31-13+rpt2+rpi1+deb11u4
2023-01-10 15:23:40 status unpacked locales:all 2.31-13+rpt2+rpi1+deb11u4
2023-01-10 15:23:40 status half-installed locales:all 2.31-13+rpt2+rpi1+deb11u4
2023-01-10 15:23:55 status unpacked locales:all 2.31-13+rpt2+rpi1+deb11u5
2023-01-10 15:23:56 upgrade bluez-firmware:all 1.2-4+rpt8 1.2-4+rpt10
2023-01-10 15:23:56 status half-configured bluez-firmware:all 1.2-4+rpt8
2023-01-10 15:23:56 status unpacked bluez-firmware:all 1.2-4+rpt8
2023-01-10 15:23:56 status half-installed bluez-firmware:all 1.2-4+rpt8
2023-01-10 15:23:57 status unpacked bluez-firmware:all 1.2-4+rpt10
2023-01-10 15:23:57 upgrade raspi-config:all 20220920 20221214
2023-01-10 15:23:57 status half-configured raspi-config:all 20220920
2023-01-10 15:23:57 status unpacked raspi-config:all 20220920
2023-01-10 15:23:57 status half-installed raspi-config:all 20220920
2023-01-10 15:23:57 status unpacked raspi-config:all 20221214
2023-01-10 15:23:58 upgrade raspberrypi-sys-mods:arm64 20220915 20221019
2023-01-10 15:23:58 status half-configured raspberrypi-sys-mods:arm64 20220915
2023-01-10 15:23:58 status unpacked raspberrypi-sys-mods:arm64 20220915
2023-01-10 15:23:58 status half-installed raspberrypi-sys-mods:arm64 20220915
2023-01-10 15:23:59 status unpacked raspberrypi-sys-mods:arm64 20221019
2023-01-10 15:23:59 upgrade dhcpcd5:arm64 1:8.1.2-1+rpt7 1:8.1.2-1+rpt9
2023-01-10 15:23:59 status half-configured dhcpcd5:arm64 1:8.1.2-1+rpt7
2023-01-10 15:23:59 status unpacked dhcpcd5:arm64 1:8.1.2-1+rpt7
2023-01-10 15:23:59 status half-installed dhcpcd5:arm64 1:8.1.2-1+rpt7
2023-01-10 15:24:00 status unpacked dhcpcd5:arm64 1:8.1.2-1+rpt9
2023-01-10 15:24:00 upgrade distro-info-data:all 0.51+deb11u2 0.51+deb11u3
2023-01-10 15:24:00 status half-configured distro-info-data:all 0.51+deb11u2
2023-01-10 15:24:00 status unpacked distro-info-data:all 0.51+deb11u2
2023-01-10 15:24:00 status half-installed distro-info-data:all 0.51+deb11u2
2023-01-10 15:24:00 status unpacked distro-info-data:all 0.51+deb11u3
2023-01-10 15:24:00 upgrade firmware-atheros:all 1:20210315-3+rpt7 1:20221012-1~bpo11+1+rpt1
2023-01-10 15:24:00 status half-configured firmware-atheros:all 1:20210315-3+rpt7
2023-01-10 15:24:00 status unpacked firmware-atheros:all 1:20210315-3+rpt7
2023-01-10 15:24:00 status half-installed firmware-atheros:all 1:20210315-3+rpt7
2023-01-10 15:24:18 status unpacked firmware-atheros:all 1:20221012-1~bpo11+1+rpt1
2023-01-10 15:24:19 upgrade firmware-brcm80211:all 1:20210315-3+rpt7 1:20221012-1~bpo11+1+rpt1
2023-01-10 15:24:19 status half-configured firmware-brcm80211:all 1:20210315-3+rpt7
2023-01-10 15:24:19 status unpacked firmware-brcm80211:all 1:20210315-3+rpt7
2023-01-10 15:24:19 status half-installed firmware-brcm80211:all 1:20210315-3+rpt7
2023-01-10 15:24:25 status unpacked firmware-brcm80211:all 1:20221012-1~bpo11+1+rpt1
2023-01-10 15:24:26 upgrade firmware-libertas:all 1:20210315-3+rpt7 1:20221012-1~bpo11+1+rpt1
2023-01-10 15:24:26 status half-configured firmware-libertas:all 1:20210315-3+rpt7
2023-01-10 15:24:26 status unpacked firmware-libertas:all 1:20210315-3+rpt7
2023-01-10 15:24:26 status half-installed firmware-libertas:all 1:20210315-3+rpt7
2023-01-10 15:24:36 status unpacked firmware-libertas:all 1:20221012-1~bpo11+1+rpt1
2023-01-10 15:24:36 upgrade firmware-misc-nonfree:all 1:20210315-3+rpt7 1:20221012-1~bpo11+1+rpt1
2023-01-10 15:24:36 status half-configured firmware-misc-nonfree:all 1:20210315-3+rpt7
2023-01-10 15:24:36 status unpacked firmware-misc-nonfree:all 1:20210315-3+rpt7
2023-01-10 15:24:36 status half-installed firmware-misc-nonfree:all 1:20210315-3+rpt7
2023-01-10 15:24:58 status unpacked firmware-misc-nonfree:all 1:20221012-1~bpo11+1+rpt1
2023-01-10 15:24:59 upgrade firmware-realtek:all 1:20210315-3+rpt7 1:20221012-1~bpo11+1+rpt1
2023-01-10 15:24:59 status half-configured firmware-realtek:all 1:20210315-3+rpt7
2023-01-10 15:25:00 status unpacked firmware-realtek:all 1:20210315-3+rpt7
2023-01-10 15:25:00 status half-installed firmware-realtek:all 1:20210315-3+rpt7
2023-01-10 15:25:03 status unpacked firmware-realtek:all 1:20221012-1~bpo11+1+rpt1
2023-01-10 15:25:03 upgrade libbluetooth3:arm64 5.55-3.1+rpt1 5.55-3.1+rpt2
2023-01-10 15:25:03 status half-configured libbluetooth3:arm64 5.55-3.1+rpt1
2023-01-10 15:25:03 status unpacked libbluetooth3:arm64 5.55-3.1+rpt1
2023-01-10 15:25:03 status half-installed libbluetooth3:arm64 5.55-3.1+rpt1
2023-01-10 15:25:04 status unpacked libbluetooth3:arm64 5.55-3.1+rpt2
2023-01-10 15:25:04 upgrade raspberrypi-kernel:arm64 1:1.20220830-1 1:1.20230106-1
2023-01-10 15:25:04 status half-configured raspberrypi-kernel:arm64 1:1.20220830-1
2023-01-10 15:25:04 status unpacked raspberrypi-kernel:arm64 1:1.20220830-1
2023-01-10 15:25:04 status half-installed raspberrypi-kernel:arm64 1:1.20220830-1
2023-01-10 15:27:20 status unpacked raspberrypi-kernel:arm64 1:1.20230106-1
2023-01-10 15:27:21 upgrade libcamera0:arm64 0~git20220826+3fad116f-1 0~git20230105+5df5b72c-1
2023-01-10 15:27:21 status half-configured libcamera0:arm64 0~git20220826+3fad116f-1
2023-01-10 15:27:21 status unpacked libcamera0:arm64 0~git20220826+3fad116f-1
2023-01-10 15:27:21 status half-installed libcamera0:arm64 0~git20220826+3fad116f-1
2023-01-10 15:27:24 status unpacked libcamera0:arm64 0~git20230105+5df5b72c-1
2023-01-10 15:27:24 upgrade libcamera-apps-lite:arm64 0~git20220830+1bf0cca-1 0~git20230104+4fea2ee-1
2023-01-10 15:27:24 status half-configured libcamera-apps-lite:arm64 0~git20220830+1bf0cca-1
2023-01-10 15:27:24 status unpacked libcamera-apps-lite:arm64 0~git20220830+1bf0cca-1
2023-01-10 15:27:24 status half-installed libcamera-apps-lite:arm64 0~git20220830+1bf0cca-1
2023-01-10 15:27:25 status unpacked libcamera-apps-lite:arm64 0~git20230104+4fea2ee-1
2023-01-10 15:27:25 upgrade libkms++0:arm64 0~git20211110~105525+2236a8c-1 0~git20221104~171243+adc05b6-1
2023-01-10 15:27:25 status half-configured libkms++0:arm64 0~git20211110~105525+2236a8c-1
2023-01-10 15:27:25 status unpacked libkms++0:arm64 0~git20211110~105525+2236a8c-1
2023-01-10 15:27:25 status half-installed libkms++0:arm64 0~git20211110~105525+2236a8c-1
2023-01-10 15:27:25 status unpacked libkms++0:arm64 0~git20221104~171243+adc05b6-1
2023-01-10 15:27:26 upgrade libksba8:arm64 1.5.0-3 1.5.0-3+deb11u2
2023-01-10 15:27:26 status half-configured libksba8:arm64 1.5.0-3
2023-01-10 15:27:26 status unpacked libksba8:arm64 1.5.0-3
2023-01-10 15:27:26 status half-installed libksba8:arm64 1.5.0-3
2023-01-10 15:27:26 status unpacked libksba8:arm64 1.5.0-3+deb11u2
2023-01-10 15:27:26 upgrade ntfs-3g:arm64 1:2017.3.23AR.3-4+deb11u2 1:2017.3.23AR.3-4+deb11u3
2023-01-10 15:27:26 status triggers-pending initramfs-tools:all 0.140
2023-01-10 15:27:26 status half-configured ntfs-3g:arm64 1:2017.3.23AR.3-4+deb11u2
2023-01-10 15:27:26 status unpacked ntfs-3g:arm64 1:2017.3.23AR.3-4+deb11u2
2023-01-10 15:27:26 status half-installed ntfs-3g:arm64 1:2017.3.23AR.3-4+deb11u2
2023-01-10 15:27:28 status unpacked ntfs-3g:arm64 1:2017.3.23AR.3-4+deb11u3
2023-01-10 15:27:28 upgrade libntfs-3g883:arm64 1:2017.3.23AR.3-4+deb11u2 1:2017.3.23AR.3-4+deb11u3
2023-01-10 15:27:28 status half-configured libntfs-3g883:arm64 1:2017.3.23AR.3-4+deb11u2
2023-01-10 15:27:28 status unpacked libntfs-3g883:arm64 1:2017.3.23AR.3-4+deb11u2
2023-01-10 15:27:28 status half-installed libntfs-3g883:arm64 1:2017.3.23AR.3-4+deb11u2
2023-01-10 15:27:29 status unpacked libntfs-3g883:arm64 1:2017.3.23AR.3-4+deb11u3
2023-01-10 15:27:29 upgrade python3-kms++:arm64 0~git20211110~105525+2236a8c-1 0~git20221104~171243+adc05b6-1
2023-01-10 15:27:29 status half-configured python3-kms++:arm64 0~git20211110~105525+2236a8c-1
2023-01-10 15:27:30 status unpacked python3-kms++:arm64 0~git20211110~105525+2236a8c-1
2023-01-10 15:27:31 status half-installed python3-kms++:arm64 0~git20211110~105525+2236a8c-1
2023-01-10 15:27:31 status unpacked python3-kms++:arm64 0~git20221104~171243+adc05b6-1
2023-01-10 15:27:31 upgrade python3-libcamera:arm64 0~git20220826+3fad116f-1 0~git20230105+5df5b72c-1
2023-01-10 15:27:31 status half-configured python3-libcamera:arm64 0~git20220826+3fad116f-1
2023-01-10 15:27:32 status unpacked python3-libcamera:arm64 0~git20220826+3fad116f-1
2023-01-10 15:27:32 status half-installed python3-libcamera:arm64 0~git20220826+3fad116f-1
2023-01-10 15:27:32 status unpacked python3-libcamera:arm64 0~git20230105+5df5b72c-1
2023-01-10 15:27:33 upgrade python3-picamera2:all 0.3.3-1 0.3.8-1
2023-01-10 15:27:33 status half-configured python3-picamera2:all 0.3.3-1
2023-01-10 15:27:34 status unpacked python3-picamera2:all 0.3.3-1
2023-01-10 15:27:34 status half-installed python3-picamera2:all 0.3.3-1
2023-01-10 15:27:35 status unpacked python3-picamera2:all 0.3.8-1
2023-01-10 15:27:35 upgrade raspberrypi-bootloader:arm64 1:1.20220830-1 1:1.20230106-1
2023-01-10 15:27:35 status half-configured raspberrypi-bootloader:arm64 1:1.20220830-1
2023-01-10 15:27:35 status unpacked raspberrypi-bootloader:arm64 1:1.20220830-1
2023-01-10 15:27:35 status half-installed raspberrypi-bootloader:arm64 1:1.20220830-1
2023-01-10 15:27:52 status unpacked raspberrypi-bootloader:arm64 1:1.20230106-1
2023-01-10 15:27:52 upgrade raspinfo:all 20190624-1 20221220-1
2023-01-10 15:27:52 status half-configured raspinfo:all 20190624-1
2023-01-10 15:27:52 status unpacked raspinfo:all 20190624-1
2023-01-10 15:27:52 status half-installed raspinfo:all 20190624-1
2023-01-10 15:27:52 status unpacked raspinfo:all 20221220-1
2023-01-10 15:27:53 upgrade rpi-eeprom:arm64 13.16-1 15.1-1
2023-01-10 15:27:53 status half-configured rpi-eeprom:arm64 13.16-1
2023-01-10 15:27:53 status unpacked rpi-eeprom:arm64 13.16-1
2023-01-10 15:27:53 status half-installed rpi-eeprom:arm64 13.16-1
2023-01-10 15:28:01 status unpacked rpi-eeprom:arm64 15.1-1
2023-01-10 15:28:02 startup packages configure
2023-01-10 15:28:02 configure libksba8:arm64 1.5.0-3+deb11u2 <none>
2023-01-10 15:28:02 status unpacked libksba8:arm64 1.5.0-3+deb11u2
2023-01-10 15:28:02 status half-configured libksba8:arm64 1.5.0-3+deb11u2
2023-01-10 15:28:02 status installed libksba8:arm64 1.5.0-3+deb11u2
2023-01-10 15:28:02 configure libexpat1:arm64 2.2.10-2+deb11u5 <none>
2023-01-10 15:28:02 status unpacked libexpat1:arm64 2.2.10-2+deb11u5
2023-01-10 15:28:02 status half-configured libexpat1:arm64 2.2.10-2+deb11u5
2023-01-10 15:28:02 status installed libexpat1:arm64 2.2.10-2+deb11u5
2023-01-10 15:28:02 configure bluez-firmware:all 1.2-4+rpt10 <none>
2023-01-10 15:28:02 status unpacked bluez-firmware:all 1.2-4+rpt10
2023-01-10 15:28:02 status half-configured bluez-firmware:all 1.2-4+rpt10
2023-01-10 15:28:02 status installed bluez-firmware:all 1.2-4+rpt10
2023-01-10 15:28:02 configure dhcpcd5:arm64 1:8.1.2-1+rpt9 <none>
2023-01-10 15:28:02 status unpacked dhcpcd5:arm64 1:8.1.2-1+rpt9
2023-01-10 15:28:02 status half-configured dhcpcd5:arm64 1:8.1.2-1+rpt9
2023-01-10 15:28:04 status installed dhcpcd5:arm64 1:8.1.2-1+rpt9
2023-01-10 15:28:04 configure libc-l10n:all 2.31-13+rpt2+rpi1+deb11u5 <none>
2023-01-10 15:28:04 status unpacked libc-l10n:all 2.31-13+rpt2+rpi1+deb11u5
2023-01-10 15:28:04 status half-configured libc-l10n:all 2.31-13+rpt2+rpi1+deb11u5
2023-01-10 15:28:04 status installed libc-l10n:all 2.31-13+rpt2+rpi1+deb11u5
2023-01-10 15:28:04 configure libnftables1:arm64 0.9.8-3.1+deb11u1 <none>
2023-01-10 15:28:04 status unpacked libnftables1:arm64 0.9.8-3.1+deb11u1
2023-01-10 15:28:04 status half-configured libnftables1:arm64 0.9.8-3.1+deb11u1
2023-01-10 15:28:04 status installed libnftables1:arm64 0.9.8-3.1+deb11u1
2023-01-10 15:28:04 configure nftables:arm64 0.9.8-3.1+deb11u1 <none>
2023-01-10 15:28:04 status unpacked nftables:arm64 0.9.8-3.1+deb11u1
2023-01-10 15:28:04 status half-configured nftables:arm64 0.9.8-3.1+deb11u1
2023-01-10 15:28:06 status installed nftables:arm64 0.9.8-3.1+deb11u1
2023-01-10 15:28:06 configure raspinfo:all 20221220-1 <none>
2023-01-10 15:28:06 status unpacked raspinfo:all 20221220-1
2023-01-10 15:28:06 status half-configured raspinfo:all 20221220-1
2023-01-10 15:28:06 status installed raspinfo:all 20221220-1
2023-01-10 15:28:06 configure distro-info-data:all 0.51+deb11u3 <none>
2023-01-10 15:28:06 status unpacked distro-info-data:all 0.51+deb11u3
2023-01-10 15:28:06 status half-configured distro-info-data:all 0.51+deb11u3
2023-01-10 15:28:06 status installed distro-info-data:all 0.51+deb11u3
2023-01-10 15:28:06 configure firmware-atheros:all 1:20221012-1~bpo11+1+rpt1 <none>
2023-01-10 15:28:06 status unpacked firmware-atheros:all 1:20221012-1~bpo11+1+rpt1
2023-01-10 15:28:06 status half-configured firmware-atheros:all 1:20221012-1~bpo11+1+rpt1
2023-01-10 15:28:06 status installed firmware-atheros:all 1:20221012-1~bpo11+1+rpt1
2023-01-10 15:28:06 configure firmware-misc-nonfree:all 1:20221012-1~bpo11+1+rpt1 <none>
2023-01-10 15:28:06 status unpacked firmware-misc-nonfree:all 1:20221012-1~bpo11+1+rpt1
2023-01-10 15:28:06 status half-configured firmware-misc-nonfree:all 1:20221012-1~bpo11+1+rpt1
2023-01-10 15:28:06 status installed firmware-misc-nonfree:all 1:20221012-1~bpo11+1+rpt1
2023-01-10 15:28:06 configure linux-libc-dev:arm64 1:1.20230106-1 <none>
2023-01-10 15:28:06 status unpacked linux-libc-dev:arm64 1:1.20230106-1
2023-01-10 15:28:06 status half-configured linux-libc-dev:arm64 1:1.20230106-1
2023-01-10 15:28:06 status installed linux-libc-dev:arm64 1:1.20230106-1
2023-01-10 15:28:07 configure isc-dhcp-client:arm64 4.4.1-2.3+deb11u1 <none>
2023-01-10 15:28:07 status unpacked isc-dhcp-client:arm64 4.4.1-2.3+deb11u1
2023-01-10 15:28:07 status half-configured isc-dhcp-client:arm64 4.4.1-2.3+deb11u1
2023-01-10 15:28:07 status installed isc-dhcp-client:arm64 4.4.1-2.3+deb11u1
2023-01-10 15:28:07 configure libntfs-3g883:arm64 1:2017.3.23AR.3-4+deb11u3 <none>
2023-01-10 15:28:07 status unpacked libntfs-3g883:arm64 1:2017.3.23AR.3-4+deb11u3
2023-01-10 15:28:07 status half-configured libntfs-3g883:arm64 1:2017.3.23AR.3-4+deb11u3
2023-01-10 15:28:07 status installed libntfs-3g883:arm64 1:2017.3.23AR.3-4+deb11u3
2023-01-10 15:28:07 configure locales:all 2.31-13+rpt2+rpi1+deb11u5 <none>
2023-01-10 15:28:07 status unpacked locales:all 2.31-13+rpt2+rpi1+deb11u5
2023-01-10 15:28:07 status half-configured locales:all 2.31-13+rpt2+rpi1+deb11u5
2023-01-10 15:28:44 status installed locales:all 2.31-13+rpt2+rpi1+deb11u5
2023-01-10 15:28:44 configure raspberrypi-kernel:arm64 1:1.20230106-1 <none>
2023-01-10 15:28:44 status unpacked raspberrypi-kernel:arm64 1:1.20230106-1
2023-01-10 15:28:44 status half-configured raspberrypi-kernel:arm64 1:1.20230106-1
2023-01-10 15:29:42 status installed raspberrypi-kernel:arm64 1:1.20230106-1
2023-01-10 15:29:42 configure ntfs-3g:arm64 1:2017.3.23AR.3-4+deb11u3 <none>
2023-01-10 15:29:42 status unpacked ntfs-3g:arm64 1:2017.3.23AR.3-4+deb11u3
2023-01-10 15:29:42 status half-configured ntfs-3g:arm64 1:2017.3.23AR.3-4+deb11u3
2023-01-10 15:29:42 status installed ntfs-3g:arm64 1:2017.3.23AR.3-4+deb11u3
2023-01-10 15:29:42 configure libc6-dbg:arm64 2.31-13+rpt2+rpi1+deb11u5 <none>
2023-01-10 15:29:42 status unpacked libc6-dbg:arm64 2.31-13+rpt2+rpi1+deb11u5
2023-01-10 15:29:42 status half-configured libc6-dbg:arm64 2.31-13+rpt2+rpi1+deb11u5
2023-01-10 15:29:42 status installed libc6-dbg:arm64 2.31-13+rpt2+rpi1+deb11u5
2023-01-10 15:29:42 configure tzdata:all 2021a-1+deb11u8 <none>
2023-01-10 15:29:42 status unpacked tzdata:all 2021a-1+deb11u8
2023-01-10 15:29:42 status half-configured tzdata:all 2021a-1+deb11u8
2023-01-10 15:29:45 status installed tzdata:all 2021a-1+deb11u8
2023-01-10 15:29:45 configure libkms++0:arm64 0~git20221104~171243+adc05b6-1 <none>
2023-01-10 15:29:45 status unpacked libkms++0:arm64 0~git20221104~171243+adc05b6-1
2023-01-10 15:29:45 status half-configured libkms++0:arm64 0~git20221104~171243+adc05b6-1
2023-01-10 15:29:45 status installed libkms++0:arm64 0~git20221104~171243+adc05b6-1
2023-01-10 15:29:45 configure firmware-brcm80211:all 1:20221012-1~bpo11+1+rpt1 <none>
2023-01-10 15:29:45 status unpacked firmware-brcm80211:all 1:20221012-1~bpo11+1+rpt1
2023-01-10 15:29:45 status half-configured firmware-brcm80211:all 1:20221012-1~bpo11+1+rpt1
2023-01-10 15:29:46 status installed firmware-brcm80211:all 1:20221012-1~bpo11+1+rpt1
2023-01-10 15:29:46 configure firmware-realtek:all 1:20221012-1~bpo11+1+rpt1 <none>
2023-01-10 15:29:46 status unpacked firmware-realtek:all 1:20221012-1~bpo11+1+rpt1
2023-01-10 15:29:46 status half-configured firmware-realtek:all 1:20221012-1~bpo11+1+rpt1
2023-01-10 15:29:46 status installed firmware-realtek:all 1:20221012-1~bpo11+1+rpt1
2023-01-10 15:29:46 configure libdbus-1-3:arm64 1.12.24-0+deb11u1 <none>
2023-01-10 15:29:46 status unpacked libdbus-1-3:arm64 1.12.24-0+deb11u1
2023-01-10 15:29:46 status half-configured libdbus-1-3:arm64 1.12.24-0+deb11u1
2023-01-10 15:29:46 status installed libdbus-1-3:arm64 1.12.24-0+deb11u1
2023-01-10 15:29:46 configure dbus:arm64 1.12.24-0+deb11u1 <none>
2023-01-10 15:29:46 status unpacked dbus:arm64 1.12.24-0+deb11u1
2023-01-10 15:29:46 status half-configured dbus:arm64 1.12.24-0+deb11u1
2023-01-10 15:29:52 status installed dbus:arm64 1.12.24-0+deb11u1
2023-01-10 15:29:52 configure raspberrypi-bootloader:arm64 1:1.20230106-1 <none>
2023-01-10 15:29:52 status unpacked raspberrypi-bootloader:arm64 1:1.20230106-1
2023-01-10 15:29:52 status half-configured raspberrypi-bootloader:arm64 1:1.20230106-1
2023-01-10 15:30:01 status installed raspberrypi-bootloader:arm64 1:1.20230106-1
2023-01-10 15:30:01 configure nano:arm64 5.4-2+deb11u2 <none>
2023-01-10 15:30:01 status unpacked nano:arm64 5.4-2+deb11u2
2023-01-10 15:30:01 status half-configured nano:arm64 5.4-2+deb11u2
2023-01-10 15:30:02 status installed nano:arm64 5.4-2+deb11u2
2023-01-10 15:30:02 configure firmware-libertas:all 1:20221012-1~bpo11+1+rpt1 <none>
2023-01-10 15:30:02 status unpacked firmware-libertas:all 1:20221012-1~bpo11+1+rpt1
2023-01-10 15:30:02 status half-configured firmware-libertas:all 1:20221012-1~bpo11+1+rpt1
2023-01-10 15:30:02 status installed firmware-libertas:all 1:20221012-1~bpo11+1+rpt1
2023-01-10 15:30:02 configure libbluetooth3:arm64 5.55-3.1+rpt2 <none>
2023-01-10 15:30:02 status unpacked libbluetooth3:arm64 5.55-3.1+rpt2
2023-01-10 15:30:02 status half-configured libbluetooth3:arm64 5.55-3.1+rpt2
2023-01-10 15:30:02 status installed libbluetooth3:arm64 5.55-3.1+rpt2
2023-01-10 15:30:02 configure rpi-eeprom:arm64 15.1-1 <none>
2023-01-10 15:30:02 status unpacked rpi-eeprom:arm64 15.1-1
2023-01-10 15:30:02 status half-configured rpi-eeprom:arm64 15.1-1
2023-01-10 15:30:06 status installed rpi-eeprom:arm64 15.1-1
2023-01-10 15:30:06 configure isc-dhcp-common:arm64 4.4.1-2.3+deb11u1 <none>
2023-01-10 15:30:06 status unpacked isc-dhcp-common:arm64 4.4.1-2.3+deb11u1
2023-01-10 15:30:06 status half-configured isc-dhcp-common:arm64 4.4.1-2.3+deb11u1
2023-01-10 15:30:06 status installed isc-dhcp-common:arm64 4.4.1-2.3+deb11u1
2023-01-10 15:30:06 configure libcamera0:arm64 0~git20230105+5df5b72c-1 <none>
2023-01-10 15:30:06 status unpacked libcamera0:arm64 0~git20230105+5df5b72c-1
2023-01-10 15:30:06 status half-configured libcamera0:arm64 0~git20230105+5df5b72c-1
2023-01-10 15:30:06 status installed libcamera0:arm64 0~git20230105+5df5b72c-1
2023-01-10 15:30:06 configure libc-dev-bin:arm64 2.31-13+rpt2+rpi1+deb11u5 <none>
2023-01-10 15:30:06 status unpacked libc-dev-bin:arm64 2.31-13+rpt2+rpi1+deb11u5
2023-01-10 15:30:06 status half-configured libc-dev-bin:arm64 2.31-13+rpt2+rpi1+deb11u5
2023-01-10 15:30:06 status installed libc-dev-bin:arm64 2.31-13+rpt2+rpi1+deb11u5
2023-01-10 15:30:06 configure raspi-config:all 20221214 <none>
2023-01-10 15:30:06 status unpacked raspi-config:all 20221214
2023-01-10 15:30:06 status half-configured raspi-config:all 20221214
2023-01-10 15:30:08 status installed raspi-config:all 20221214
2023-01-10 15:30:08 configure libxml2:arm64 2.9.10+dfsg-6.7+deb11u3 <none>
2023-01-10 15:30:08 status unpacked libxml2:arm64 2.9.10+dfsg-6.7+deb11u3
2023-01-10 15:30:08 status half-configured libxml2:arm64 2.9.10+dfsg-6.7+deb11u3
2023-01-10 15:30:08 status installed libxml2:arm64 2.9.10+dfsg-6.7+deb11u3
2023-01-10 15:30:08 configure libc-devtools:arm64 2.31-13+rpt2+rpi1+deb11u5 <none>
2023-01-10 15:30:08 status unpacked libc-devtools:arm64 2.31-13+rpt2+rpi1+deb11u5
2023-01-10 15:30:08 status half-configured libc-devtools:arm64 2.31-13+rpt2+rpi1+deb11u5
2023-01-10 15:30:08 status installed libc-devtools:arm64 2.31-13+rpt2+rpi1+deb11u5
2023-01-10 15:30:08 configure bind9-libs:arm64 1:9.16.33-1~deb11u1 <none>
2023-01-10 15:30:08 status unpacked bind9-libs:arm64 1:9.16.33-1~deb11u1
2023-01-10 15:30:08 status half-configured bind9-libs:arm64 1:9.16.33-1~deb11u1
2023-01-10 15:30:08 status installed bind9-libs:arm64 1:9.16.33-1~deb11u1
2023-01-10 15:30:08 configure raspberrypi-sys-mods:arm64 20221019 <none>
2023-01-10 15:30:08 status unpacked raspberrypi-sys-mods:arm64 20221019
2023-01-10 15:30:08 status half-configured raspberrypi-sys-mods:arm64 20221019
2023-01-10 15:30:17 status installed raspberrypi-sys-mods:arm64 20221019
2023-01-10 15:30:17 configure bluez:arm64 5.55-3.1+rpt2 <none>
2023-01-10 15:30:17 status unpacked bluez:arm64 5.55-3.1+rpt2
2023-01-10 15:30:17 status half-configured bluez:arm64 5.55-3.1+rpt2
2023-01-10 15:30:25 status installed bluez:arm64 5.55-3.1+rpt2
2023-01-10 15:30:25 configure python3-kms++:arm64 0~git20221104~171243+adc05b6-1 <none>
2023-01-10 15:30:25 status unpacked python3-kms++:arm64 0~git20221104~171243+adc05b6-1
2023-01-10 15:30:26 status half-configured python3-kms++:arm64 0~git20221104~171243+adc05b6-1
2023-01-10 15:30:28 status installed python3-kms++:arm64 0~git20221104~171243+adc05b6-1
2023-01-10 15:30:28 configure python3-libcamera:arm64 0~git20230105+5df5b72c-1 <none>
2023-01-10 15:30:28 status unpacked python3-libcamera:arm64 0~git20230105+5df5b72c-1
2023-01-10 15:30:28 status half-configured python3-libcamera:arm64 0~git20230105+5df5b72c-1
2023-01-10 15:30:30 status installed python3-libcamera:arm64 0~git20230105+5df5b72c-1
2023-01-10 15:30:30 configure libcamera-apps-lite:arm64 0~git20230104+4fea2ee-1 <none>
2023-01-10 15:30:30 status unpacked libcamera-apps-lite:arm64 0~git20230104+4fea2ee-1
2023-01-10 15:30:30 status half-configured libcamera-apps-lite:arm64 0~git20230104+4fea2ee-1
2023-01-10 15:30:30 status installed libcamera-apps-lite:arm64 0~git20230104+4fea2ee-1
2023-01-10 15:30:30 configure libc6-dev:arm64 2.31-13+rpt2+rpi1+deb11u5 <none>
2023-01-10 15:30:30 status unpacked libc6-dev:arm64 2.31-13+rpt2+rpi1+deb11u5
2023-01-10 15:30:30 status half-configured libc6-dev:arm64 2.31-13+rpt2+rpi1+deb11u5
2023-01-10 15:30:30 status installed libc6-dev:arm64 2.31-13+rpt2+rpi1+deb11u5
2023-01-10 15:30:30 configure bind9-host:arm64 1:9.16.33-1~deb11u1 <none>
2023-01-10 15:30:30 status unpacked bind9-host:arm64 1:9.16.33-1~deb11u1
2023-01-10 15:30:30 status half-configured bind9-host:arm64 1:9.16.33-1~deb11u1
2023-01-10 15:30:30 status installed bind9-host:arm64 1:9.16.33-1~deb11u1
2023-01-10 15:30:30 configure python3-picamera2:all 0.3.8-1 <none>
2023-01-10 15:30:30 status unpacked python3-picamera2:all 0.3.8-1
2023-01-10 15:30:30 status half-configured python3-picamera2:all 0.3.8-1
2023-01-10 15:30:33 status installed python3-picamera2:all 0.3.8-1
2023-01-10 15:30:33 trigproc libc-bin:arm64 2.31-13+rpt2+rpi1+deb11u5 <none>
2023-01-10 15:30:33 status half-configured libc-bin:arm64 2.31-13+rpt2+rpi1+deb11u5
2023-01-10 15:30:34 status installed libc-bin:arm64 2.31-13+rpt2+rpi1+deb11u5
2023-01-10 15:30:34 trigproc man-db:arm64 2.9.4-2 <none>
2023-01-10 15:30:34 status half-configured man-db:arm64 2.9.4-2
2023-01-10 15:30:47 status installed man-db:arm64 2.9.4-2
2023-01-10 15:30:47 trigproc initramfs-tools:all 0.140 <none>
2023-01-10 15:30:47 status half-configured initramfs-tools:all 0.140
2023-01-10 15:30:47 status installed initramfs-tools:all 0.140
2023-01-11 13:27:17 startup archives unpack
2023-01-11 13:27:19 install libcjson1:arm64 <none> 1.7.14-1
2023-01-11 13:27:19 status triggers-pending libc-bin:arm64 2.31-13+rpt2+rpi1+deb11u5
2023-01-11 13:27:19 status half-installed libcjson1:arm64 1.7.14-1
2023-01-11 13:27:19 status unpacked libcjson1:arm64 1.7.14-1
2023-01-11 13:27:19 install libdlt2:arm64 <none> 2.18.6-1+deb11u1
2023-01-11 13:27:19 status half-installed libdlt2:arm64 2.18.6-1+deb11u1
2023-01-11 13:27:19 status unpacked libdlt2:arm64 2.18.6-1+deb11u1
2023-01-11 13:27:19 install libev4:arm64 <none> 1:4.33-1
2023-01-11 13:27:19 status half-installed libev4:arm64 1:4.33-1
2023-01-11 13:27:20 status unpacked libev4:arm64 1:4.33-1
2023-01-11 13:27:20 install libmosquitto1:arm64 <none> 2.0.11-1
2023-01-11 13:27:20 status half-installed libmosquitto1:arm64 2.0.11-1
2023-01-11 13:27:20 status unpacked libmosquitto1:arm64 2.0.11-1
2023-01-11 13:27:20 install libwebsockets16:arm64 <none> 4.0.20-2
2023-01-11 13:27:20 status half-installed libwebsockets16:arm64 4.0.20-2
2023-01-11 13:27:20 status unpacked libwebsockets16:arm64 4.0.20-2
2023-01-11 13:27:21 install mosquitto:arm64 <none> 2.0.11-1
2023-01-11 13:27:21 status half-installed mosquitto:arm64 2.0.11-1
2023-01-11 13:27:21 status triggers-pending man-db:arm64 2.9.4-2
2023-01-11 13:27:21 status unpacked mosquitto:arm64 2.0.11-1
2023-01-11 13:27:22 startup packages configure
2023-01-11 13:27:22 configure libmosquitto1:arm64 2.0.11-1 <none>
2023-01-11 13:27:22 status unpacked libmosquitto1:arm64 2.0.11-1
2023-01-11 13:27:22 status half-configured libmosquitto1:arm64 2.0.11-1
2023-01-11 13:27:22 status installed libmosquitto1:arm64 2.0.11-1
2023-01-11 13:27:22 configure libev4:arm64 1:4.33-1 <none>
2023-01-11 13:27:22 status unpacked libev4:arm64 1:4.33-1
2023-01-11 13:27:22 status half-configured libev4:arm64 1:4.33-1
2023-01-11 13:27:22 status installed libev4:arm64 1:4.33-1
2023-01-11 13:27:22 configure libcjson1:arm64 1.7.14-1 <none>
2023-01-11 13:27:22 status unpacked libcjson1:arm64 1.7.14-1
2023-01-11 13:27:22 status half-configured libcjson1:arm64 1.7.14-1
2023-01-11 13:27:22 status installed libcjson1:arm64 1.7.14-1
2023-01-11 13:27:22 configure libdlt2:arm64 2.18.6-1+deb11u1 <none>
2023-01-11 13:27:22 status unpacked libdlt2:arm64 2.18.6-1+deb11u1
2023-01-11 13:27:22 status half-configured libdlt2:arm64 2.18.6-1+deb11u1
2023-01-11 13:27:22 status installed libdlt2:arm64 2.18.6-1+deb11u1
2023-01-11 13:27:22 configure libwebsockets16:arm64 4.0.20-2 <none>
2023-01-11 13:27:22 status unpacked libwebsockets16:arm64 4.0.20-2
2023-01-11 13:27:22 status half-configured libwebsockets16:arm64 4.0.20-2
2023-01-11 13:27:22 status installed libwebsockets16:arm64 4.0.20-2
2023-01-11 13:27:22 configure mosquitto:arm64 2.0.11-1 <none>
2023-01-11 13:27:22 status unpacked mosquitto:arm64 2.0.11-1
2023-01-11 13:27:22 status half-configured mosquitto:arm64 2.0.11-1
2023-01-11 13:27:31 status installed mosquitto:arm64 2.0.11-1
2023-01-11 13:27:31 trigproc man-db:arm64 2.9.4-2 <none>
2023-01-11 13:27:31 status half-configured man-db:arm64 2.9.4-2
2023-01-11 13:27:35 status installed man-db:arm64 2.9.4-2
2023-01-11 13:27:35 trigproc libc-bin:arm64 2.31-13+rpt2+rpi1+deb11u5 <none>
2023-01-11 13:27:35 status half-configured libc-bin:arm64 2.31-13+rpt2+rpi1+deb11u5
2023-01-11 13:27:35 status installed libc-bin:arm64 2.31-13+rpt2+rpi1+deb11u5
2023-01-11 13:32:33 startup archives unpack
2023-01-11 13:32:34 install mosquitto-clients:arm64 <none> 2.0.11-1
2023-01-11 13:32:34 status half-installed mosquitto-clients:arm64 2.0.11-1
2023-01-11 13:32:34 status triggers-pending man-db:arm64 2.9.4-2
2023-01-11 13:32:34 status unpacked mosquitto-clients:arm64 2.0.11-1
2023-01-11 13:32:34 startup packages configure
2023-01-11 13:32:34 configure mosquitto-clients:arm64 2.0.11-1 <none>
2023-01-11 13:32:34 status unpacked mosquitto-clients:arm64 2.0.11-1
2023-01-11 13:32:34 status half-configured mosquitto-clients:arm64 2.0.11-1
2023-01-11 13:32:34 status installed mosquitto-clients:arm64 2.0.11-1
2023-01-11 13:32:34 trigproc man-db:arm64 2.9.4-2 <none>
2023-01-11 13:32:34 status half-configured man-db:arm64 2.9.4-2
2023-01-11 13:32:38 status installed man-db:arm64 2.9.4-2
2023-01-14 14:36:28 startup archives unpack
2023-01-14 14:36:31 install tcpdump:arm64 <none> 4.99.0-2+deb11u1
2023-01-14 14:36:31 status half-installed tcpdump:arm64 4.99.0-2+deb11u1
2023-01-14 14:36:31 status triggers-pending man-db:arm64 2.9.4-2
2023-01-14 14:36:32 status unpacked tcpdump:arm64 4.99.0-2+deb11u1
2023-01-14 14:36:32 startup packages configure
2023-01-14 14:36:32 configure tcpdump:arm64 4.99.0-2+deb11u1 <none>
2023-01-14 14:36:32 status unpacked tcpdump:arm64 4.99.0-2+deb11u1
2023-01-14 14:36:32 status half-configured tcpdump:arm64 4.99.0-2+deb11u1
2023-01-14 14:36:34 status installed tcpdump:arm64 4.99.0-2+deb11u1
2023-01-14 14:36:34 trigproc man-db:arm64 2.9.4-2 <none>
2023-01-14 14:36:34 status half-configured man-db:arm64 2.9.4-2
2023-01-14 14:36:37 status installed man-db:arm64 2.9.4-2
2023-01-14 15:34:33 startup archives unpack
2023-01-14 15:34:35 install liberror-perl:all <none> 0.17029-1
2023-01-14 15:34:35 status half-installed liberror-perl:all 0.17029-1
2023-01-14 15:34:36 status triggers-pending man-db:arm64 2.9.4-2
2023-01-14 15:34:36 status unpacked liberror-perl:all 0.17029-1
2023-01-14 15:34:36 install git-man:all <none> 1:2.30.2-1
2023-01-14 15:34:36 status half-installed git-man:all 1:2.30.2-1
2023-01-14 15:34:39 status unpacked git-man:all 1:2.30.2-1
2023-01-14 15:34:39 install git:arm64 <none> 1:2.30.2-1
2023-01-14 15:34:39 status half-installed git:arm64 1:2.30.2-1
2023-01-14 15:34:56 status unpacked git:arm64 1:2.30.2-1
2023-01-14 15:34:57 startup packages configure
2023-01-14 15:34:57 configure liberror-perl:all 0.17029-1 <none>
2023-01-14 15:34:57 status unpacked liberror-perl:all 0.17029-1
2023-01-14 15:34:57 status half-configured liberror-perl:all 0.17029-1
2023-01-14 15:34:57 status installed liberror-perl:all 0.17029-1
2023-01-14 15:34:57 configure git-man:all 1:2.30.2-1 <none>
2023-01-14 15:34:57 status unpacked git-man:all 1:2.30.2-1
2023-01-14 15:34:57 status half-configured git-man:all 1:2.30.2-1
2023-01-14 15:34:57 status installed git-man:all 1:2.30.2-1
2023-01-14 15:34:57 configure git:arm64 1:2.30.2-1 <none>
2023-01-14 15:34:57 status unpacked git:arm64 1:2.30.2-1
2023-01-14 15:34:57 status half-configured git:arm64 1:2.30.2-1
2023-01-14 15:34:57 status installed git:arm64 1:2.30.2-1
2023-01-14 15:34:57 trigproc man-db:arm64 2.9.4-2 <none>
2023-01-14 15:34:57 status half-configured man-db:arm64 2.9.4-2
2023-01-14 15:35:13 status installed man-db:arm64 2.9.4-2
