Reading lib "core" at "https://github.com/mongoose-os-libs/core"...
Reading lib "rpc-service-config" at "https://github.com/mongoose-os-libs/rpc-service-config"...
Reading lib "atca" at "https://github.com/mongoose-os-libs/atca"...
Reading lib "rpc-service-atca" at "https://github.com/mongoose-os-libs/rpc-service-atca"...
Reading lib "rpc-service-fs" at "https://github.com/mongoose-os-libs/rpc-service-fs"...
Reading lib "rpc-uart" at "https://github.com/mongoose-os-libs/rpc-uart"...
Reading lib "http-server" at "https://github.com/mongoose-os-libs/http-server"...
Reading lib "ca-bundle" at "https://github.com/mongoose-os-libs/ca-bundle"...
Reading lib "rpc-mqtt" at "https://github.com/mongoose-os-libs/rpc-mqtt"...
Reading lib "wifi" at "https://github.com/mongoose-os-libs/wifi"...
rpc-service-atca: Checking out master...
rpc-service-fs: Checking out master...
rpc-mqtt: Checking out master...
rpc-uart: Checking out master...
wifi: Checking out master...
http-server: Checking out master...
core: Checking out master...
ca-bundle: Checking out master...
rpc-service-config: Checking out master...
rpc-mqtt: Pulling...
rpc-service-fs: Pulling...
rpc-service-atca: Pulling...
rpc-uart: Pulling...
wifi: Pulling...
http-server: Pulling...
core: Pulling...
ca-bundle: Pulling...
rpc-service-config: Pulling...
atca: Checking out master...
atca: Pulling...
ca-bundle: Done, hash 64ed37bf9904b5a260bc74cee8f20bd7d940d703
ca-bundle: Hash unchanged at 64ed37bf9904b5a260bc74cee8f20bd7d940d703 (dir "/home/phyllalix/RASPI/my-app/deps/ca-bundle")
ca-bundle: Prepared local dir: "/home/phyllalix/RASPI/my-app/deps/ca-bundle"
http-server: Done, hash 99b56d05d28e6e939dca3bd92d0a1bfea2d6507f
http-server: Hash unchanged at 99b56d05d28e6e939dca3bd92d0a1bfea2d6507f (dir "/home/phyllalix/RASPI/my-app/deps/http-server")
http-server: Prepared local dir: "/home/phyllalix/RASPI/my-app/deps/http-server"
rpc-service-fs: Done, hash 39437663b14759671a37e9670a46c65e5519c369
rpc-service-fs: Hash unchanged at 39437663b14759671a37e9670a46c65e5519c369 (dir "/home/phyllalix/RASPI/my-app/deps/rpc-service-fs")
rpc-service-fs: Prepared local dir: "/home/phyllalix/RASPI/my-app/deps/rpc-service-fs"
rpc-service-config: Done, hash fd7de7b3141114bc42e4c578a9bea9c27e2b4636
rpc-service-config: Hash unchanged at fd7de7b3141114bc42e4c578a9bea9c27e2b4636 (dir "/home/phyllalix/RASPI/my-app/deps/rpc-service-config")
rpc-service-config: Prepared local dir: "/home/phyllalix/RASPI/my-app/deps/rpc-service-config"
Handling lib "ca-bundle" at "https://github.com/mongoose-os-libs/ca-bundle"...
Handling lib "rpc-service-fs" at "https://github.com/mongoose-os-libs/rpc-service-fs"...
Handling lib "rpc-service-config" at "https://github.com/mongoose-os-libs/rpc-service-config"...
Handling lib "http-server" at "https://github.com/mongoose-os-libs/http-server"...
rpc-service-atca: Done, hash 07f5a7ee59c18817b1579ba871b2f196c68f5893
rpc-service-atca: Hash unchanged at 07f5a7ee59c18817b1579ba871b2f196c68f5893 (dir "/home/phyllalix/RASPI/my-app/deps/rpc-service-atca")
rpc-service-atca: Prepared local dir: "/home/phyllalix/RASPI/my-app/deps/rpc-service-atca"
Handling lib "rpc-service-atca" at "https://github.com/mongoose-os-libs/rpc-service-atca"...
atca: Done, hash ea8308d5a944f98ea25ebd6c5e37268ab3aea882
atca: Hash unchanged at ea8308d5a944f98ea25ebd6c5e37268ab3aea882 (dir "/home/phyllalix/RASPI/my-app/deps/atca")
atca: Prepared local dir: "/home/phyllalix/RASPI/my-app/deps/atca"
Handling lib "atca" at "https://github.com/mongoose-os-libs/atca"...
rpc-uart: Done, hash d58fee363e9e7176d9079b37c8ecfde1d5a2a3dd
rpc-uart: Hash unchanged at d58fee363e9e7176d9079b37c8ecfde1d5a2a3dd (dir "/home/phyllalix/RASPI/my-app/deps/rpc-uart")
rpc-uart: Prepared local dir: "/home/phyllalix/RASPI/my-app/deps/rpc-uart"
Handling lib "rpc-uart" at "https://github.com/mongoose-os-libs/rpc-uart"...
core: Done, hash a7c07b323839c2d13db6921bfdee17a4069c5126
core: Hash unchanged at a7c07b323839c2d13db6921bfdee17a4069c5126 (dir "/home/phyllalix/RASPI/my-app/deps/core")
core: Prepared local dir: "/home/phyllalix/RASPI/my-app/deps/core"
Handling lib "core" at "https://github.com/mongoose-os-libs/core"...
rpc-mqtt: Done, hash 20511b12995859c5da5e088272413744bb17b037
rpc-mqtt: Hash unchanged at 20511b12995859c5da5e088272413744bb17b037 (dir "/home/phyllalix/RASPI/my-app/deps/rpc-mqtt")
rpc-mqtt: Prepared local dir: "/home/phyllalix/RASPI/my-app/deps/rpc-mqtt"
Handling lib "rpc-mqtt" at "https://github.com/mongoose-os-libs/rpc-mqtt"...
wifi: Done, hash 417e3e8be6d09e5e807c55148d746db96939e613
wifi: Hash unchanged at 417e3e8be6d09e5e807c55148d746db96939e613 (dir "/home/phyllalix/RASPI/my-app/deps/wifi")
wifi: Prepared local dir: "/home/phyllalix/RASPI/my-app/deps/wifi"
Handling lib "wifi" at "https://github.com/mongoose-os-libs/wifi"...
Lib "core" at "https://github.com/mongoose-os-libs/core": already handled...
Reading lib "vfs-common" at "https://github.com/mongoose-os-libs/vfs-common"...
Reading lib "rpc-common" at "https://github.com/mongoose-os-libs/rpc-common"...
rpc-common: Checking out master...
vfs-common: Checking out master...
rpc-common: Pulling...
vfs-common: Pulling...
rpc-common: Done, hash 406ce5d187b3eb6979b7e5205e728b5dcc84463e
rpc-common: Hash unchanged at 406ce5d187b3eb6979b7e5205e728b5dcc84463e (dir "/home/phyllalix/RASPI/my-app/deps/rpc-common")
rpc-common: Prepared local dir: "/home/phyllalix/RASPI/my-app/deps/rpc-common"
Handling lib "rpc-common" at "https://github.com/mongoose-os-libs/rpc-common"...
vfs-common: Done, hash 9b93211dd6bc00768d8157ab9f7b3bfc41c36202
vfs-common: Hash unchanged at 9b93211dd6bc00768d8157ab9f7b3bfc41c36202 (dir "/home/phyllalix/RASPI/my-app/deps/vfs-common")
vfs-common: Prepared local dir: "/home/phyllalix/RASPI/my-app/deps/vfs-common"
Handling lib "vfs-common" at "https://github.com/mongoose-os-libs/vfs-common"...
Lib "rpc-common" at "https://github.com/mongoose-os-libs/rpc-common": already handled...
Lib "rpc-common" at "https://github.com/mongoose-os-libs/rpc-common": already handled...
Lib "atca" at "https://github.com/mongoose-os-libs/atca": already handled...
Reading lib "i2c" at "https://github.com/mongoose-os-libs/i2c"...
i2c: Checking out master...
i2c: Pulling...
i2c: Done, hash cd740fa1b33b4b01bacc5a86a51fbe5d27c33f9c
i2c: Hash unchanged at cd740fa1b33b4b01bacc5a86a51fbe5d27c33f9c (dir "/home/phyllalix/RASPI/my-app/deps/i2c")
i2c: Prepared local dir: "/home/phyllalix/RASPI/my-app/deps/i2c"
Handling lib "i2c" at "https://github.com/mongoose-os-libs/i2c"...
Lib "rpc-common" at "https://github.com/mongoose-os-libs/rpc-common": already handled...
Reading lib "mongoose" at "https://github.com/mongoose-os-libs/mongoose"...
mongoose: Checking out master...
mongoose: Pulling...
mongoose: Done, hash 24f3c520fdfd5d7c33ff2734d4be42aab75107e9
mongoose: Hash unchanged at 24f3c520fdfd5d7c33ff2734d4be42aab75107e9 (dir "/home/phyllalix/RASPI/my-app/deps/mongoose")
mongoose: Prepared local dir: "/home/phyllalix/RASPI/my-app/deps/mongoose"
Handling lib "mongoose" at "https://github.com/mongoose-os-libs/mongoose"...
Lib "rpc-common" at "https://github.com/mongoose-os-libs/rpc-common": already handled...
Reading lib "mqtt" at "https://github.com/mongoose-os-libs/mqtt"...
mqtt: Checking out master...
mqtt: Pulling...
mqtt: Done, hash 7ba84b6e6382d908069b6bec7ba8487dfdf23094
mqtt: Hash unchanged at 7ba84b6e6382d908069b6bec7ba8487dfdf23094 (dir "/home/phyllalix/RASPI/my-app/deps/mqtt")
mqtt: Prepared local dir: "/home/phyllalix/RASPI/my-app/deps/mqtt"
Handling lib "mqtt" at "https://github.com/mongoose-os-libs/mqtt"...
Lib "mongoose" at "https://github.com/mongoose-os-libs/mongoose": already handled...
Lib "vfs-common" at "https://github.com/mongoose-os-libs/vfs-common": already handled...
Reading lib "mbedtls" at "https://github.com/mongoose-os-libs/mbedtls"...
mbedtls: Checking out master...
mbedtls: Pulling...
mbedtls: Done, hash c371adc9a2fa5bb1cab92b24fa0058565f80d462
mbedtls: Hash unchanged at c371adc9a2fa5bb1cab92b24fa0058565f80d462 (dir "/home/phyllalix/RASPI/my-app/deps/mbedtls")
mbedtls: Prepared local dir: "/home/phyllalix/RASPI/my-app/deps/mbedtls"
Handling lib "mbedtls" at "https://github.com/mongoose-os-libs/mbedtls"...
Lib "core" at "https://github.com/mongoose-os-libs/core": already handled...
Lib "atca" at "https://github.com/mongoose-os-libs/atca": already handled...
Reading lib "vfs-fs-spiffs" at "https://github.com/mongoose-os-libs/vfs-fs-spiffs"...
Reading lib "vfs-dev-part" at "https://github.com/mongoose-os-libs/vfs-dev-part"...
Reading lib "vfs-fs-lfs" at "https://github.com/mongoose-os-libs/vfs-fs-lfs"...
vfs-dev-part: Checking out master...
vfs-fs-spiffs: Checking out master...
vfs-fs-lfs: Checking out master...
vfs-dev-part: Pulling...
vfs-fs-spiffs: Pulling...
vfs-fs-lfs: Pulling...
vfs-fs-lfs: Done, hash 1acdcdcfff15d521a153f31acce5440327b263b6
vfs-fs-lfs: Hash unchanged at 1acdcdcfff15d521a153f31acce5440327b263b6 (dir "/home/phyllalix/RASPI/my-app/deps/vfs-fs-lfs")
vfs-fs-lfs: Prepared local dir: "/home/phyllalix/RASPI/my-app/deps/vfs-fs-lfs"
Handling lib "vfs-fs-lfs" at "https://github.com/mongoose-os-libs/vfs-fs-lfs"...
vfs-dev-part: Done, hash 0fb3ae262f50f4847bcc487d7f1101e89e1656ed
vfs-dev-part: Hash unchanged at 0fb3ae262f50f4847bcc487d7f1101e89e1656ed (dir "/home/phyllalix/RASPI/my-app/deps/vfs-dev-part")
vfs-dev-part: Prepared local dir: "/home/phyllalix/RASPI/my-app/deps/vfs-dev-part"
Handling lib "vfs-dev-part" at "https://github.com/mongoose-os-libs/vfs-dev-part"...
vfs-fs-spiffs: Done, hash 926cb85944b15956a2cfade4a17a0f4858b0e199
vfs-fs-spiffs: Hash unchanged at 926cb85944b15956a2cfade4a17a0f4858b0e199 (dir "/home/phyllalix/RASPI/my-app/deps/vfs-fs-spiffs")
vfs-fs-spiffs: Prepared local dir: "/home/phyllalix/RASPI/my-app/deps/vfs-fs-spiffs"
Handling lib "vfs-fs-spiffs" at "https://github.com/mongoose-os-libs/vfs-fs-spiffs"...
Lib "vfs-common" at "https://github.com/mongoose-os-libs/vfs-common": already handled...
Lib "vfs-common" at "https://github.com/mongoose-os-libs/vfs-common": already handled...
Lib "vfs-common" at "https://github.com/mongoose-os-libs/vfs-common": already handled...
Reading lib "lwip" at "https://github.com/mongoose-os-libs/lwip"...
lwip: Checking out master...
lwip: Pulling...
lwip: Done, hash 7dc363628a906f77adf894127a5e273e96673573
lwip: Hash unchanged at 7dc363628a906f77adf894127a5e273e96673573 (dir "/home/phyllalix/RASPI/my-app/deps/lwip")
lwip: Prepared local dir: "/home/phyllalix/RASPI/my-app/deps/lwip"
Handling lib "lwip" at "https://github.com/mongoose-os-libs/lwip"...
mongoose-os: Going to fetch module from https://github.com/cesanta/mongoose-os
mongoose-os: Checking out master...
mongoose-os: Pulling...
mongoose-os: Done, hash 139759ae49a7ca393040d7e9cc6315ee344a9a3c
mbedtls_module: Going to fetch module from https://github.com/mongoose-os/mbedtls
mbedtls_module: Checking out 2.16.11-cesanta3...
mbedtls_module: Pulling...
mbedtls_module: Done, hash 5da571d8473455c8ae2c1ff6f94ee3bbd178ba21
Successfully fetched prebuilt binary for "mongoose" to "/home/phyllalix/RASPI/my-app/build/objs/libmongoose-esp8266-latest.a"
Sources: [/home/phyllalix/RASPI/my-app/src/main.c /home/phyllalix/RASPI/my-app/deps/i2c/src/mgos_i2c_master.c /home/phyllalix/RASPI/my-app/deps/i2c/src/gpio/mgos_i2c_gpio_master.c /home/phyllalix/RASPI/my-app/deps/atca/src/mgos_atca.c /home/phyllalix/RASPI/my-app/deps/atca/src/mgos_atca_hal.c /home/phyllalix/RASPI/my-app/deps/atca/cryptoauthlib/lib/atca_cfgs.c /home/phyllalix/RASPI/my-app/deps/atca/cryptoauthlib/lib/atca_command.c /home/phyllalix/RASPI/my-app/deps/atca/cryptoauthlib/lib/atca_device.c /home/phyllalix/RASPI/my-app/deps/atca/cryptoauthlib/lib/atca_execution.c /home/phyllalix/RASPI/my-app/deps/atca/cryptoauthlib/lib/atca_iface.c /home/phyllalix/RASPI/my-app/deps/atca/cryptoauthlib/lib/basic/atca_basic.c /home/phyllalix/RASPI/my-app/deps/atca/cryptoauthlib/lib/basic/atca_basic_aes.c /home/phyllalix/RASPI/my-app/deps/atca/cryptoauthlib/lib/basic/atca_basic_aes_cbc.c /home/phyllalix/RASPI/my-app/deps/atca/cryptoauthlib/lib/basic/atca_basic_aes_cmac.c /home/phyllalix/RASPI/my-app/deps/atca/cryptoauthlib/lib/basic/atca_basic_aes_ctr.c /home/phyllalix/RASPI/my-app/deps/atca/cryptoauthlib/lib/basic/atca_basic_aes_gcm.c /home/phyllalix/RASPI/my-app/deps/atca/cryptoauthlib/lib/basic/atca_basic_checkmac.c /home/phyllalix/RASPI/my-app/deps/atca/cryptoauthlib/lib/basic/atca_basic_counter.c /home/phyllalix/RASPI/my-app/deps/atca/cryptoauthlib/lib/basic/atca_basic_derivekey.c /home/phyllalix/RASPI/my-app/deps/atca/cryptoauthlib/lib/basic/atca_basic_ecdh.c /home/phyllalix/RASPI/my-app/deps/atca/cryptoauthlib/lib/basic/atca_basic_gendig.c /home/phyllalix/RASPI/my-app/deps/atca/cryptoauthlib/lib/basic/atca_basic_genkey.c /home/phyllalix/RASPI/my-app/deps/atca/cryptoauthlib/lib/basic/atca_basic_hmac.c /home/phyllalix/RASPI/my-app/deps/atca/cryptoauthlib/lib/basic/atca_basic_info.c /home/phyllalix/RASPI/my-app/deps/atca/cryptoauthlib/lib/basic/atca_basic_kdf.c /home/phyllalix/RASPI/my-app/deps/atca/cryptoauthlib/lib/basic/atca_basic_lock.c /home/phyllalix/RASPI/my-app/deps/atca/cryptoauthlib/lib/basic/atca_basic_mac.c /home/phyllalix/RASPI/my-app/deps/atca/cryptoauthlib/lib/basic/atca_basic_nonce.c /home/phyllalix/RASPI/my-app/deps/atca/cryptoauthlib/lib/basic/atca_basic_privwrite.c /home/phyllalix/RASPI/my-app/deps/atca/cryptoauthlib/lib/basic/atca_basic_random.c /home/phyllalix/RASPI/my-app/deps/atca/cryptoauthlib/lib/basic/atca_basic_read.c /home/phyllalix/RASPI/my-app/deps/atca/cryptoauthlib/lib/basic/atca_basic_secureboot.c /home/phyllalix/RASPI/my-app/deps/atca/cryptoauthlib/lib/basic/atca_basic_selftest.c /home/phyllalix/RASPI/my-app/deps/atca/cryptoauthlib/lib/basic/atca_basic_sha.c /home/phyllalix/RASPI/my-app/deps/atca/cryptoauthlib/lib/basic/atca_basic_sign.c /home/phyllalix/RASPI/my-app/deps/atca/cryptoauthlib/lib/basic/atca_basic_updateextra.c /home/phyllalix/RASPI/my-app/deps/atca/cryptoauthlib/lib/basic/atca_basic_verify.c /home/phyllalix/RASPI/my-app/deps/atca/cryptoauthlib/lib/basic/atca_basic_write.c /home/phyllalix/RASPI/my-app/deps/atca/cryptoauthlib/lib/basic/atca_helpers.c /home/phyllalix/RASPI/my-app/deps/atca/cryptoauthlib/lib/host/atca_host.c /home/phyllalix/RASPI/my-app/deps/atca/cryptoauthlib/lib/mbedtls/atca_mbedtls_wrap.c /home/phyllalix/RASPI/my-app/deps/mbedtls/src/mgos_mbedtls.c /home/phyllalix/RASPI/my-app/deps/mbedtls/src/mgos_ssl_if_mbedtls.c /home/phyllalix/RASPI/my-app/deps/mbedtls/src/esp8266/esp_aes.c /home/phyllalix/RASPI/my-app/deps/mbedtls/src/esp8266/esp_md5.c /home/phyllalix/RASPI/my-app/deps/mbedtls/src/esp8266/esp_sha1.c /home/phyllalix/RASPI/my-app/deps/modules/mbedtls/library/aes.c /home/phyllalix/RASPI/my-app/deps/modules/mbedtls/library/aes_atca.c /home/phyllalix/RASPI/my-app/deps/modules/mbedtls/library/aesni.c /home/phyllalix/RASPI/my-app/deps/modules/mbedtls/library/arc4.c /home/phyllalix/RASPI/my-app/deps/modules/mbedtls/library/aria.c /home/phyllalix/RASPI/my-app/deps/modules/mbedtls/library/asn1parse.c /home/phyllalix/RASPI/my-app/deps/modules/mbedtls/library/asn1write.c /home/phyllalix/RASPI/my-app/deps/modules/mbedtls/library/base64.c /home/phyllalix/RASPI/my-app/deps/modules/mbedtls/library/bignum.c /home/phyllalix/RASPI/my-app/deps/modules/mbedtls/library/blowfish.c /home/phyllalix/RASPI/my-app/deps/modules/mbedtls/library/camellia.c /home/phyllalix/RASPI/my-app/deps/modules/mbedtls/library/ccm.c /home/phyllalix/RASPI/my-app/deps/modules/mbedtls/library/certs.c /home/phyllalix/RASPI/my-app/deps/modules/mbedtls/library/chacha20.c /home/phyllalix/RASPI/my-app/deps/modules/mbedtls/library/chachapoly.c /home/phyllalix/RASPI/my-app/deps/modules/mbedtls/library/cipher.c /home/phyllalix/RASPI/my-app/deps/modules/mbedtls/library/cipher_wrap.c /home/phyllalix/RASPI/my-app/deps/modules/mbedtls/library/cmac.c /home/phyllalix/RASPI/my-app/deps/modules/mbedtls/library/ctr_drbg.c /home/phyllalix/RASPI/my-app/deps/modules/mbedtls/library/debug.c /home/phyllalix/RASPI/my-app/deps/modules/mbedtls/library/des.c /home/phyllalix/RASPI/my-app/deps/modules/mbedtls/library/dhm.c /home/phyllalix/RASPI/my-app/deps/modules/mbedtls/library/ecdh.c /home/phyllalix/RASPI/my-app/deps/modules/mbedtls/library/ecdsa.c /home/phyllalix/RASPI/my-app/deps/modules/mbedtls/library/ecjpake.c /home/phyllalix/RASPI/my-app/deps/modules/mbedtls/library/ecp.c /home/phyllalix/RASPI/my-app/deps/modules/mbedtls/library/ecp_atca.c /home/phyllalix/RASPI/my-app/deps/modules/mbedtls/library/ecp_curves.c /home/phyllalix/RASPI/my-app/deps/modules/mbedtls/library/entropy.c /home/phyllalix/RASPI/my-app/deps/modules/mbedtls/library/entropy_poll.c /home/phyllalix/RASPI/my-app/deps/modules/mbedtls/library/error.c /home/phyllalix/RASPI/my-app/deps/modules/mbedtls/library/gcm.c /home/phyllalix/RASPI/my-app/deps/modules/mbedtls/library/havege.c /home/phyllalix/RASPI/my-app/deps/modules/mbedtls/library/hkdf.c /home/phyllalix/RASPI/my-app/deps/modules/mbedtls/library/hmac_drbg.c /home/phyllalix/RASPI/my-app/deps/modules/mbedtls/library/md.c /home/phyllalix/RASPI/my-app/deps/modules/mbedtls/library/md2.c /home/phyllalix/RASPI/my-app/deps/modules/mbedtls/library/md4.c /home/phyllalix/RASPI/my-app/deps/modules/mbedtls/library/md5.c /home/phyllalix/RASPI/my-app/deps/modules/mbedtls/library/md_wrap.c /home/phyllalix/RASPI/my-app/deps/modules/mbedtls/library/memory_buffer_alloc.c /home/phyllalix/RASPI/my-app/deps/modules/mbedtls/library/net_sockets.c /home/phyllalix/RASPI/my-app/deps/modules/mbedtls/library/nist_kw.c /home/phyllalix/RASPI/my-app/deps/modules/mbedtls/library/oid.c /home/phyllalix/RASPI/my-app/deps/modules/mbedtls/library/padlock.c /home/phyllalix/RASPI/my-app/deps/modules/mbedtls/library/pem.c /home/phyllalix/RASPI/my-app/deps/modules/mbedtls/library/pk.c /home/phyllalix/RASPI/my-app/deps/modules/mbedtls/library/pk_wrap.c /home/phyllalix/RASPI/my-app/deps/modules/mbedtls/library/pkcs11.c /home/phyllalix/RASPI/my-app/deps/modules/mbedtls/library/pkcs12.c /home/phyllalix/RASPI/my-app/deps/modules/mbedtls/library/pkcs5.c /home/phyllalix/RASPI/my-app/deps/modules/mbedtls/library/pkparse.c /home/phyllalix/RASPI/my-app/deps/modules/mbedtls/library/pkwrite.c /home/phyllalix/RASPI/my-app/deps/modules/mbedtls/library/platform.c /home/phyllalix/RASPI/my-app/deps/modules/mbedtls/library/platform_util.c /home/phyllalix/RASPI/my-app/deps/modules/mbedtls/library/poly1305.c /home/phyllalix/RASPI/my-app/deps/modules/mbedtls/library/ripemd160.c /home/phyllalix/RASPI/my-app/deps/modules/mbedtls/library/rsa.c /home/phyllalix/RASPI/my-app/deps/modules/mbedtls/library/rsa_internal.c /home/phyllalix/RASPI/my-app/deps/modules/mbedtls/library/sha1.c /home/phyllalix/RASPI/my-app/deps/modules/mbedtls/library/sha256.c /home/phyllalix/RASPI/my-app/deps/modules/mbedtls/library/sha512.c /home/phyllalix/RASPI/my-app/deps/modules/mbedtls/library/ssl_cache.c /home/phyllalix/RASPI/my-app/deps/modules/mbedtls/library/ssl_ciphersuites.c /home/phyllalix/RASPI/my-app/deps/modules/mbedtls/library/ssl_cli.c /home/phyllalix/RASPI/my-app/deps/modules/mbedtls/library/ssl_cookie.c /home/phyllalix/RASPI/my-app/deps/modules/mbedtls/library/ssl_srv.c /home/phyllalix/RASPI/my-app/deps/modules/mbedtls/library/ssl_ticket.c /home/phyllalix/RASPI/my-app/deps/modules/mbedtls/library/ssl_tls.c /home/phyllalix/RASPI/my-app/deps/modules/mbedtls/library/threading.c /home/phyllalix/RASPI/my-app/deps/modules/mbedtls/library/timing.c /home/phyllalix/RASPI/my-app/deps/modules/mbedtls/library/version.c /home/phyllalix/RASPI/my-app/deps/modules/mbedtls/library/version_features.c /home/phyllalix/RASPI/my-app/deps/modules/mbedtls/library/x509.c /home/phyllalix/RASPI/my-app/deps/modules/mbedtls/library/x509_create.c /home/phyllalix/RASPI/my-app/deps/modules/mbedtls/library/x509_crl.c /home/phyllalix/RASPI/my-app/deps/modules/mbedtls/library/x509_crt.c /home/phyllalix/RASPI/my-app/deps/modules/mbedtls/library/x509_csr.c /home/phyllalix/RASPI/my-app/deps/modules/mbedtls/library/x509write_crt.c /home/phyllalix/RASPI/my-app/deps/modules/mbedtls/library/x509write_csr.c /home/phyllalix/RASPI/my-app/deps/modules/mbedtls/library/xtea.c /home/phyllalix/RASPI/my-app/deps/vfs-common/src/mgos_vfs.c /home/phyllalix/RASPI/my-app/deps/vfs-common/src/mgos_vfs_dev.c /home/phyllalix/RASPI/my-app/deps/vfs-common/src/mgos_vfs_internal.c /home/phyllalix/RASPI/my-app/deps/vfs-common/src/esp8266/esp_fs.c /home/phyllalix/RASPI/my-app/deps/vfs-common/src/esp8266/esp_vfs_dev_sysflash.c /home/phyllalix/RASPI/my-app/deps/vfs-dev-part/src/mgos_vfs_dev_part.c /home/phyllalix/RASPI/my-app/deps/vfs-fs-lfs/src/mgos_vfs_lfs.c /home/phyllalix/RASPI/my-app/deps/vfs-fs-lfs/littlefs/lfs.c /home/phyllalix/RASPI/my-app/deps/vfs-fs-lfs/littlefs/lfs_util.c /home/phyllalix/RASPI/my-app/deps/vfs-fs-lfs/littlefs1/lfs1.c /home/phyllalix/RASPI/my-app/deps/vfs-fs-lfs/littlefs1/lfs1_util.c /home/phyllalix/RASPI/my-app/deps/vfs-fs-spiffs/src/mgos_vfs_fs_spiffs.c /home/phyllalix/RASPI/my-app/deps/vfs-fs-spiffs/src/spiffs/spiffs_cache.c /home/phyllalix/RASPI/my-app/deps/vfs-fs-spiffs/src/spiffs/spiffs_check.c /home/phyllalix/RASPI/my-app/deps/vfs-fs-spiffs/src/spiffs/spiffs_gc.c /home/phyllalix/RASPI/my-app/deps/vfs-fs-spiffs/src/spiffs/spiffs_hydrogen.c /home/phyllalix/RASPI/my-app/deps/vfs-fs-spiffs/src/spiffs/spiffs_nucleus.c /home/phyllalix/RASPI/my-app/deps/core/src/mgos_core.c /home/phyllalix/RASPI/my-app/deps/core/src/esp8266/esp_rboot.c /home/phyllalix/RASPI/my-app/deps/http-server/src/mgos_http_server.c /home/phyllalix/RASPI/my-app/deps/mqtt/src/mgos_mqtt.c /home/phyllalix/RASPI/my-app/deps/mqtt/src/mgos_mqtt_conn.c /home/phyllalix/RASPI/my-app/deps/mqtt/src/mgos_mqtt_ws_conn.c /home/phyllalix/RASPI/my-app/deps/rpc-common/src/mg_rpc.c /home/phyllalix/RASPI/my-app/deps/rpc-common/src/mg_rpc_channel.c /home/phyllalix/RASPI/my-app/deps/rpc-common/src/mg_rpc_channel_http.c /home/phyllalix/RASPI/my-app/deps/rpc-common/src/mgos_rpc.c /home/phyllalix/RASPI/my-app/deps/rpc-mqtt/src/mgos_rpc_channel_mqtt.c /home/phyllalix/RASPI/my-app/deps/rpc-service-atca/src/mgos_atca_service.c /home/phyllalix/RASPI/my-app/deps/rpc-service-config/src/mgos_service_config.c /home/phyllalix/RASPI/my-app/deps/rpc-service-fs/src/mgos_service_fs.c /home/phyllalix/RASPI/my-app/deps/rpc-uart/src/mgos_rpc_channel_uart.c /home/phyllalix/RASPI/my-app/deps/lwip/src/esp8266/mgos_lwip.c /home/phyllalix/RASPI/my-app/deps/lwip/src/esp8266/sdk_lwip/src/api/api_lib.c /home/phyllalix/RASPI/my-app/deps/lwip/src/esp8266/sdk_lwip/src/api/api_msg.c /home/phyllalix/RASPI/my-app/deps/lwip/src/esp8266/sdk_lwip/src/api/err.c /home/phyllalix/RASPI/my-app/deps/lwip/src/esp8266/sdk_lwip/src/api/netbuf.c /home/phyllalix/RASPI/my-app/deps/lwip/src/esp8266/sdk_lwip/src/api/netdb.c /home/phyllalix/RASPI/my-app/deps/lwip/src/esp8266/sdk_lwip/src/api/netifapi.c /home/phyllalix/RASPI/my-app/deps/lwip/src/esp8266/sdk_lwip/src/api/sockets.c /home/phyllalix/RASPI/my-app/deps/lwip/src/esp8266/sdk_lwip/src/api/tcpip.c /home/phyllalix/RASPI/my-app/deps/lwip/src/esp8266/sdk_lwip/src/core/def.c /home/phyllalix/RASPI/my-app/deps/lwip/src/esp8266/sdk_lwip/src/core/dhcp.c /home/phyllalix/RASPI/my-app/deps/lwip/src/esp8266/sdk_lwip/src/core/dns.c /home/phyllalix/RASPI/my-app/deps/lwip/src/esp8266/sdk_lwip/src/core/init.c /home/phyllalix/RASPI/my-app/deps/lwip/src/esp8266/sdk_lwip/src/core/mdns.c /home/phyllalix/RASPI/my-app/deps/lwip/src/esp8266/sdk_lwip/src/core/mem.c /home/phyllalix/RASPI/my-app/deps/lwip/src/esp8266/sdk_lwip/src/core/memp.c /home/phyllalix/RASPI/my-app/deps/lwip/src/esp8266/sdk_lwip/src/core/netif.c /home/phyllalix/RASPI/my-app/deps/lwip/src/esp8266/sdk_lwip/src/core/pbuf.c /home/phyllalix/RASPI/my-app/deps/lwip/src/esp8266/sdk_lwip/src/core/raw.c /home/phyllalix/RASPI/my-app/deps/lwip/src/esp8266/sdk_lwip/src/core/sntp.c /home/phyllalix/RASPI/my-app/deps/lwip/src/esp8266/sdk_lwip/src/core/stats.c /home/phyllalix/RASPI/my-app/deps/lwip/src/esp8266/sdk_lwip/src/core/sys.c /home/phyllalix/RASPI/my-app/deps/lwip/src/esp8266/sdk_lwip/src/core/sys_arch.c /home/phyllalix/RASPI/my-app/deps/lwip/src/esp8266/sdk_lwip/src/core/tcp.c /home/phyllalix/RASPI/my-app/deps/lwip/src/esp8266/sdk_lwip/src/core/tcp_in.c /home/phyllalix/RASPI/my-app/deps/lwip/src/esp8266/sdk_lwip/src/core/tcp_out.c /home/phyllalix/RASPI/my-app/deps/lwip/src/esp8266/sdk_lwip/src/core/timers.c /home/phyllalix/RASPI/my-app/deps/lwip/src/esp8266/sdk_lwip/src/core/udp.c /home/phyllalix/RASPI/my-app/deps/lwip/src/esp8266/sdk_lwip/src/core/ipv4/autoip.c /home/phyllalix/RASPI/my-app/deps/lwip/src/esp8266/sdk_lwip/src/core/ipv4/icmp.c /home/phyllalix/RASPI/my-app/deps/lwip/src/esp8266/sdk_lwip/src/core/ipv4/igmp.c /home/phyllalix/RASPI/my-app/deps/lwip/src/esp8266/sdk_lwip/src/core/ipv4/inet.c /home/phyllalix/RASPI/my-app/deps/lwip/src/esp8266/sdk_lwip/src/core/ipv4/inet_chksum.c /home/phyllalix/RASPI/my-app/deps/lwip/src/esp8266/sdk_lwip/src/core/ipv4/ip.c /home/phyllalix/RASPI/my-app/deps/lwip/src/esp8266/sdk_lwip/src/core/ipv4/ip_addr.c /home/phyllalix/RASPI/my-app/deps/lwip/src/esp8266/sdk_lwip/src/core/ipv4/ip_frag.c /home/phyllalix/RASPI/my-app/deps/lwip/src/esp8266/sdk_lwip/src/netif/etharp.c /home/phyllalix/RASPI/my-app/deps/lwip/src/esp8266/sdk_lwip/src/app/dhcpserver.c /home/phyllalix/RASPI/my-app/deps/wifi/src/mgos_wifi.c /home/phyllalix/RASPI/my-app/deps/wifi/src/mgos_wifi_sta.c /home/phyllalix/RASPI/my-app/deps/wifi/src/mjs_wifi.c /home/phyllalix/RASPI/my-app/deps/wifi/src/esp8266/esp_wifi.c /home/phyllalix/RASPI/my-app/build/gen/mgos_deps_init.c]
Include dirs: [/home/phyllalix/RASPI/my-app/deps/i2c/include /home/phyllalix/RASPI/my-app/deps/atca/include /home/phyllalix/RASPI/my-app/deps/atca/cryptoauthlib/lib /home/phyllalix/RASPI/my-app/deps/atca/cryptoauthlib/lib/crypto /home/phyllalix/RASPI/my-app/deps/atca/cryptoauthlib/lib/hal /home/phyllalix/RASPI/my-app/deps/mbedtls/include /home/phyllalix/RASPI/my-app/deps/mbedtls/include/esp8266 /home/phyllalix/RASPI/my-app/deps/modules/mbedtls/include /home/phyllalix/RASPI/my-app/deps/vfs-common/include /home/phyllalix/RASPI/my-app/deps/vfs-common/include/esp8266 /home/phyllalix/RASPI/my-app/deps/mongoose/include /home/phyllalix/RASPI/my-app/deps/vfs-dev-part/include /home/phyllalix/RASPI/my-app/deps/vfs-fs-lfs/include /home/phyllalix/RASPI/my-app/deps/vfs-fs-lfs/littlefs /home/phyllalix/RASPI/my-app/deps/vfs-fs-lfs/littlefs1 /home/phyllalix/RASPI/my-app/deps/vfs-fs-spiffs/include /home/phyllalix/RASPI/my-app/deps/vfs-fs-spiffs/include/spiffs /home/phyllalix/RASPI/my-app/deps/vfs-fs-spiffs/include/esp8266 /home/phyllalix/RASPI/my-app/deps/core/include /home/phyllalix/RASPI/my-app/deps/core/include/esp8266 /home/phyllalix/RASPI/my-app/deps/http-server/include /home/phyllalix/RASPI/my-app/deps/mqtt/include /home/phyllalix/RASPI/my-app/deps/rpc-common/include /home/phyllalix/RASPI/my-app/deps/rpc-mqtt/include /home/phyllalix/RASPI/my-app/deps/rpc-service-config/include /home/phyllalix/RASPI/my-app/deps/rpc-uart/include /home/phyllalix/RASPI/my-app/deps/lwip/src/esp8266/sdk_lwip/include /home/phyllalix/RASPI/my-app/deps/wifi/include]
Binary libs: [/home/phyllalix/RASPI/my-app/build/objs/libmongoose-esp8266-latest.a]
Building my-app...
mount from "/home/phyllalix/RASPI/my-app" to "/app"
mount from "/home/phyllalix/RASPI/my-app/deps/modules/mongoose-os" to "/mongoose-os"
mount from "/home/phyllalix/RASPI/my-app/deps/modules/mongoose-os" to "/home/phyllalix/RASPI/my-app/deps/modules/mongoose-os"
mount from "/home/phyllalix/RASPI/my-app/build" to "/home/phyllalix/RASPI/my-app/build"
mount from "/home/phyllalix/RASPI/my-app/src" to "/home/phyllalix/RASPI/my-app/src"
mount from "/home/phyllalix/RASPI/my-app/deps/i2c/src" to "/home/phyllalix/RASPI/my-app/deps/i2c/src"
mount from "/home/phyllalix/RASPI/my-app/deps/i2c/src/gpio" to "/home/phyllalix/RASPI/my-app/deps/i2c/src/gpio"
mount from "/home/phyllalix/RASPI/my-app/deps/atca/src" to "/home/phyllalix/RASPI/my-app/deps/atca/src"
mount from "/home/phyllalix/RASPI/my-app/deps/atca/cryptoauthlib/lib" to "/home/phyllalix/RASPI/my-app/deps/atca/cryptoauthlib/lib"
mount from "/home/phyllalix/RASPI/my-app/deps/atca/cryptoauthlib/lib/basic" to "/home/phyllalix/RASPI/my-app/deps/atca/cryptoauthlib/lib/basic"
mount from "/home/phyllalix/RASPI/my-app/deps/atca/cryptoauthlib/lib/host" to "/home/phyllalix/RASPI/my-app/deps/atca/cryptoauthlib/lib/host"
mount from "/home/phyllalix/RASPI/my-app/deps/atca/cryptoauthlib/lib/mbedtls" to "/home/phyllalix/RASPI/my-app/deps/atca/cryptoauthlib/lib/mbedtls"
mount from "/home/phyllalix/RASPI/my-app/deps/mbedtls/src" to "/home/phyllalix/RASPI/my-app/deps/mbedtls/src"
mount from "/home/phyllalix/RASPI/my-app/deps/mbedtls/src/esp8266" to "/home/phyllalix/RASPI/my-app/deps/mbedtls/src/esp8266"
mount from "/home/phyllalix/RASPI/my-app/deps/modules/mbedtls/library" to "/home/phyllalix/RASPI/my-app/deps/modules/mbedtls/library"
mount from "/home/phyllalix/RASPI/my-app/deps/vfs-common/src" to "/home/phyllalix/RASPI/my-app/deps/vfs-common/src"
mount from "/home/phyllalix/RASPI/my-app/deps/vfs-common/src/esp8266" to "/home/phyllalix/RASPI/my-app/deps/vfs-common/src/esp8266"
mount from "/home/phyllalix/RASPI/my-app/deps/vfs-dev-part/src" to "/home/phyllalix/RASPI/my-app/deps/vfs-dev-part/src"
mount from "/home/phyllalix/RASPI/my-app/deps/vfs-fs-lfs/src" to "/home/phyllalix/RASPI/my-app/deps/vfs-fs-lfs/src"
mount from "/home/phyllalix/RASPI/my-app/deps/vfs-fs-lfs/littlefs" to "/home/phyllalix/RASPI/my-app/deps/vfs-fs-lfs/littlefs"
mount from "/home/phyllalix/RASPI/my-app/deps/vfs-fs-lfs/littlefs1" to "/home/phyllalix/RASPI/my-app/deps/vfs-fs-lfs/littlefs1"
mount from "/home/phyllalix/RASPI/my-app/deps/vfs-fs-spiffs/src" to "/home/phyllalix/RASPI/my-app/deps/vfs-fs-spiffs/src"
mount from "/home/phyllalix/RASPI/my-app/deps/vfs-fs-spiffs/src/spiffs" to "/home/phyllalix/RASPI/my-app/deps/vfs-fs-spiffs/src/spiffs"
mount from "/home/phyllalix/RASPI/my-app/deps/core/src" to "/home/phyllalix/RASPI/my-app/deps/core/src"
mount from "/home/phyllalix/RASPI/my-app/deps/core/src/esp8266" to "/home/phyllalix/RASPI/my-app/deps/core/src/esp8266"
mount from "/home/phyllalix/RASPI/my-app/deps/http-server/src" to "/home/phyllalix/RASPI/my-app/deps/http-server/src"
mount from "/home/phyllalix/RASPI/my-app/deps/mqtt/src" to "/home/phyllalix/RASPI/my-app/deps/mqtt/src"
mount from "/home/phyllalix/RASPI/my-app/deps/rpc-common/src" to "/home/phyllalix/RASPI/my-app/deps/rpc-common/src"
mount from "/home/phyllalix/RASPI/my-app/deps/rpc-mqtt/src" to "/home/phyllalix/RASPI/my-app/deps/rpc-mqtt/src"
mount from "/home/phyllalix/RASPI/my-app/deps/rpc-service-atca/src" to "/home/phyllalix/RASPI/my-app/deps/rpc-service-atca/src"
mount from "/home/phyllalix/RASPI/my-app/deps/rpc-service-config/src" to "/home/phyllalix/RASPI/my-app/deps/rpc-service-config/src"
mount from "/home/phyllalix/RASPI/my-app/deps/rpc-service-fs/src" to "/home/phyllalix/RASPI/my-app/deps/rpc-service-fs/src"
mount from "/home/phyllalix/RASPI/my-app/deps/rpc-uart/src" to "/home/phyllalix/RASPI/my-app/deps/rpc-uart/src"
mount from "/home/phyllalix/RASPI/my-app/deps/lwip/src/esp8266" to "/home/phyllalix/RASPI/my-app/deps/lwip/src/esp8266"
mount from "/home/phyllalix/RASPI/my-app/deps/lwip/src/esp8266/sdk_lwip/src/api" to "/home/phyllalix/RASPI/my-app/deps/lwip/src/esp8266/sdk_lwip/src/api"
mount from "/home/phyllalix/RASPI/my-app/deps/lwip/src/esp8266/sdk_lwip/src/core" to "/home/phyllalix/RASPI/my-app/deps/lwip/src/esp8266/sdk_lwip/src/core"
mount from "/home/phyllalix/RASPI/my-app/deps/lwip/src/esp8266/sdk_lwip/src/core/ipv4" to "/home/phyllalix/RASPI/my-app/deps/lwip/src/esp8266/sdk_lwip/src/core/ipv4"
mount from "/home/phyllalix/RASPI/my-app/deps/lwip/src/esp8266/sdk_lwip/src/netif" to "/home/phyllalix/RASPI/my-app/deps/lwip/src/esp8266/sdk_lwip/src/netif"
mount from "/home/phyllalix/RASPI/my-app/deps/lwip/src/esp8266/sdk_lwip/src/app" to "/home/phyllalix/RASPI/my-app/deps/lwip/src/esp8266/sdk_lwip/src/app"
mount from "/home/phyllalix/RASPI/my-app/deps/wifi/src" to "/home/phyllalix/RASPI/my-app/deps/wifi/src"
mount from "/home/phyllalix/RASPI/my-app/deps/wifi/src/esp8266" to "/home/phyllalix/RASPI/my-app/deps/wifi/src/esp8266"
mount from "/home/phyllalix/RASPI/my-app/deps/i2c/include" to "/home/phyllalix/RASPI/my-app/deps/i2c/include"
mount from "/home/phyllalix/RASPI/my-app/deps/atca/include" to "/home/phyllalix/RASPI/my-app/deps/atca/include"
mount from "/home/phyllalix/RASPI/my-app/deps/atca/cryptoauthlib/lib" to "/home/phyllalix/RASPI/my-app/deps/atca/cryptoauthlib/lib"
mount from "/home/phyllalix/RASPI/my-app/deps/atca/cryptoauthlib/lib/crypto" to "/home/phyllalix/RASPI/my-app/deps/atca/cryptoauthlib/lib/crypto"
mount from "/home/phyllalix/RASPI/my-app/deps/atca/cryptoauthlib/lib/hal" to "/home/phyllalix/RASPI/my-app/deps/atca/cryptoauthlib/lib/hal"
mount from "/home/phyllalix/RASPI/my-app/deps/mbedtls/include" to "/home/phyllalix/RASPI/my-app/deps/mbedtls/include"
mount from "/home/phyllalix/RASPI/my-app/deps/mbedtls/include/esp8266" to "/home/phyllalix/RASPI/my-app/deps/mbedtls/include/esp8266"
mount from "/home/phyllalix/RASPI/my-app/deps/modules/mbedtls/include" to "/home/phyllalix/RASPI/my-app/deps/modules/mbedtls/include"
mount from "/home/phyllalix/RASPI/my-app/deps/vfs-common/include" to "/home/phyllalix/RASPI/my-app/deps/vfs-common/include"
mount from "/home/phyllalix/RASPI/my-app/deps/vfs-common/include/esp8266" to "/home/phyllalix/RASPI/my-app/deps/vfs-common/include/esp8266"
mount from "/home/phyllalix/RASPI/my-app/deps/mongoose/include" to "/home/phyllalix/RASPI/my-app/deps/mongoose/include"
mount from "/home/phyllalix/RASPI/my-app/deps/vfs-dev-part/include" to "/home/phyllalix/RASPI/my-app/deps/vfs-dev-part/include"
mount from "/home/phyllalix/RASPI/my-app/deps/vfs-fs-lfs/include" to "/home/phyllalix/RASPI/my-app/deps/vfs-fs-lfs/include"
mount from "/home/phyllalix/RASPI/my-app/deps/vfs-fs-lfs/littlefs" to "/home/phyllalix/RASPI/my-app/deps/vfs-fs-lfs/littlefs"
mount from "/home/phyllalix/RASPI/my-app/deps/vfs-fs-lfs/littlefs1" to "/home/phyllalix/RASPI/my-app/deps/vfs-fs-lfs/littlefs1"
mount from "/home/phyllalix/RASPI/my-app/deps/vfs-fs-spiffs/include" to "/home/phyllalix/RASPI/my-app/deps/vfs-fs-spiffs/include"
mount from "/home/phyllalix/RASPI/my-app/deps/vfs-fs-spiffs/include/spiffs" to "/home/phyllalix/RASPI/my-app/deps/vfs-fs-spiffs/include/spiffs"
mount from "/home/phyllalix/RASPI/my-app/deps/vfs-fs-spiffs/include/esp8266" to "/home/phyllalix/RASPI/my-app/deps/vfs-fs-spiffs/include/esp8266"
mount from "/home/phyllalix/RASPI/my-app/deps/core/include" to "/home/phyllalix/RASPI/my-app/deps/core/include"
mount from "/home/phyllalix/RASPI/my-app/deps/core/include/esp8266" to "/home/phyllalix/RASPI/my-app/deps/core/include/esp8266"
mount from "/home/phyllalix/RASPI/my-app/deps/http-server/include" to "/home/phyllalix/RASPI/my-app/deps/http-server/include"
mount from "/home/phyllalix/RASPI/my-app/deps/mqtt/include" to "/home/phyllalix/RASPI/my-app/deps/mqtt/include"
mount from "/home/phyllalix/RASPI/my-app/deps/rpc-common/include" to "/home/phyllalix/RASPI/my-app/deps/rpc-common/include"
mount from "/home/phyllalix/RASPI/my-app/deps/rpc-mqtt/include" to "/home/phyllalix/RASPI/my-app/deps/rpc-mqtt/include"
mount from "/home/phyllalix/RASPI/my-app/deps/rpc-service-config/include" to "/home/phyllalix/RASPI/my-app/deps/rpc-service-config/include"
mount from "/home/phyllalix/RASPI/my-app/deps/rpc-uart/include" to "/home/phyllalix/RASPI/my-app/deps/rpc-uart/include"
mount from "/home/phyllalix/RASPI/my-app/deps/lwip/src/esp8266/sdk_lwip/include" to "/home/phyllalix/RASPI/my-app/deps/lwip/src/esp8266/sdk_lwip/include"
mount from "/home/phyllalix/RASPI/my-app/deps/wifi/include" to "/home/phyllalix/RASPI/my-app/deps/wifi/include"
mount from "/home/phyllalix/RASPI/my-app/deps/ca-bundle/fs" to "/home/phyllalix/RASPI/my-app/deps/ca-bundle/fs"
mount from "/home/phyllalix/RASPI/my-app/fs" to "/home/phyllalix/RASPI/my-app/fs"
mount from "/home/phyllalix/RASPI/my-app/build/objs" to "/home/phyllalix/RASPI/my-app/build/objs"
mount from "/home/phyllalix/RASPI/my-app/build/gen" to "/home/phyllalix/RASPI/my-app/build/gen"
Docker arguments: run --name mos_build_2023-01-25T09-48-23-00_6129823782589384243 --rm -i -v /home/phyllalix/RASPI/my-app/deps/vfs-fs-lfs/littlefs1:/home/phyllalix/RASPI/my-app/deps/vfs-fs-lfs/littlefs1 -v /home/phyllalix/RASPI/my-app/deps/rpc-common/src:/home/phyllalix/RASPI/my-app/deps/rpc-common/src -v /home/phyllalix/RASPI/my-app/deps/rpc-common/include:/home/phyllalix/RASPI/my-app/deps/rpc-common/include -v /home/phyllalix/RASPI/my-app/deps/rpc-uart/include:/home/phyllalix/RASPI/my-app/deps/rpc-uart/include -v /home/phyllalix/RASPI/my-app/deps/i2c/include:/home/phyllalix/RASPI/my-app/deps/i2c/include -v /home/phyllalix/RASPI/my-app/deps/mbedtls/include:/home/phyllalix/RASPI/my-app/deps/mbedtls/include -v /home/phyllalix/RASPI/my-app/deps/lwip/src/esp8266/sdk_lwip/include:/home/phyllalix/RASPI/my-app/deps/lwip/src/esp8266/sdk_lwip/include -v /home/phyllalix/RASPI/my-app/fs:/home/phyllalix/RASPI/my-app/fs -v /home/phyllalix/RASPI/my-app/deps/rpc-mqtt/include:/home/phyllalix/RASPI/my-app/deps/rpc-mqtt/include -v /home/phyllalix/RASPI/my-app/deps/ca-bundle/fs:/home/phyllalix/RASPI/my-app/deps/ca-bundle/fs -v /home/phyllalix/RASPI/my-app/deps/modules/mongoose-os:/mongoose-os -v /home/phyllalix/RASPI/my-app/deps/vfs-fs-spiffs/src:/home/phyllalix/RASPI/my-app/deps/vfs-fs-spiffs/src -v /home/phyllalix/RASPI/my-app/deps/lwip/src/esp8266/sdk_lwip/src/core/ipv4:/home/phyllalix/RASPI/my-app/deps/lwip/src/esp8266/sdk_lwip/src/core/ipv4 -v /home/phyllalix/RASPI/my-app/deps/lwip/src/esp8266/sdk_lwip/src/app:/home/phyllalix/RASPI/my-app/deps/lwip/src/esp8266/sdk_lwip/src/app -v /home/phyllalix/RASPI/my-app/build/gen:/home/phyllalix/RASPI/my-app/build/gen -v /home/phyllalix/RASPI/my-app/src:/home/phyllalix/RASPI/my-app/src -v /home/phyllalix/RASPI/my-app/deps/vfs-common/src/esp8266:/home/phyllalix/RASPI/my-app/deps/vfs-common/src/esp8266 -v /home/phyllalix/RASPI/my-app/deps/core/src/esp8266:/home/phyllalix/RASPI/my-app/deps/core/src/esp8266 -v /home/phyllalix/RASPI/my-app/deps/mbedtls/include/esp8266:/home/phyllalix/RASPI/my-app/deps/mbedtls/include/esp8266 -v /home/phyllalix/RASPI/my-app/deps/rpc-service-atca/src:/home/phyllalix/RASPI/my-app/deps/rpc-service-atca/src -v /home/phyllalix/RASPI/my-app/deps/atca/cryptoauthlib/lib/hal:/home/phyllalix/RASPI/my-app/deps/atca/cryptoauthlib/lib/hal -v /home/phyllalix/RASPI/my-app/deps/core/include:/home/phyllalix/RASPI/my-app/deps/core/include -v /home/phyllalix/RASPI/my-app/deps/i2c/src/gpio:/home/phyllalix/RASPI/my-app/deps/i2c/src/gpio -v /home/phyllalix/RASPI/my-app/deps/atca/cryptoauthlib/lib/host:/home/phyllalix/RASPI/my-app/deps/atca/cryptoauthlib/lib/host -v /home/phyllalix/RASPI/my-app/deps/mbedtls/src:/home/phyllalix/RASPI/my-app/deps/mbedtls/src -v /home/phyllalix/RASPI/my-app/deps/vfs-fs-spiffs/src/spiffs:/home/phyllalix/RASPI/my-app/deps/vfs-fs-spiffs/src/spiffs -v /home/phyllalix/RASPI/my-app/deps/vfs-common/src:/home/phyllalix/RASPI/my-app/deps/vfs-common/src -v /home/phyllalix/RASPI/my-app/deps/http-server/src:/home/phyllalix/RASPI/my-app/deps/http-server/src -v /home/phyllalix/RASPI/my-app/deps/atca/cryptoauthlib/lib/crypto:/home/phyllalix/RASPI/my-app/deps/atca/cryptoauthlib/lib/crypto -v /home/phyllalix/RASPI/my-app/deps/mqtt/include:/home/phyllalix/RASPI/my-app/deps/mqtt/include -v /home/phyllalix/RASPI/my-app/deps/modules/mongoose-os:/home/phyllalix/RASPI/my-app/deps/modules/mongoose-os -v /home/phyllalix/RASPI/my-app/deps/i2c/src:/home/phyllalix/RASPI/my-app/deps/i2c/src -v /home/phyllalix/RASPI/my-app/deps/atca/cryptoauthlib/lib/basic:/home/phyllalix/RASPI/my-app/deps/atca/cryptoauthlib/lib/basic -v /home/phyllalix/RASPI/my-app/deps/mbedtls/src/esp8266:/home/phyllalix/RASPI/my-app/deps/mbedtls/src/esp8266 -v /home/phyllalix/RASPI/my-app/deps/wifi/include:/home/phyllalix/RASPI/my-app/deps/wifi/include -v /home/phyllalix/RASPI/my-app/build:/home/phyllalix/RASPI/my-app/build -v /home/phyllalix/RASPI/my-app/deps/vfs-fs-lfs/littlefs:/home/phyllalix/RASPI/my-app/deps/vfs-fs-lfs/littlefs -v /home/phyllalix/RASPI/my-app/deps/core/src:/home/phyllalix/RASPI/my-app/deps/core/src -v /home/phyllalix/RASPI/my-app/deps/rpc-service-fs/src:/home/phyllalix/RASPI/my-app/deps/rpc-service-fs/src -v /home/phyllalix/RASPI/my-app/deps/modules/mbedtls/library:/home/phyllalix/RASPI/my-app/deps/modules/mbedtls/library -v /home/phyllalix/RASPI/my-app/deps/lwip/src/esp8266/sdk_lwip/src/api:/home/phyllalix/RASPI/my-app/deps/lwip/src/esp8266/sdk_lwip/src/api -v /home/phyllalix/RASPI/my-app/deps/vfs-common/include:/home/phyllalix/RASPI/my-app/deps/vfs-common/include -v /home/phyllalix/RASPI/my-app/deps/vfs-common/include/esp8266:/home/phyllalix/RASPI/my-app/deps/vfs-common/include/esp8266 -v /home/phyllalix/RASPI/my-app:/app -v /home/phyllalix/RASPI/my-app/deps/vfs-fs-spiffs/include/spiffs:/home/phyllalix/RASPI/my-app/deps/vfs-fs-spiffs/include/spiffs -v /home/phyllalix/RASPI/my-app/deps/rpc-service-config/include:/home/phyllalix/RASPI/my-app/deps/rpc-service-config/include -v /home/phyllalix/RASPI/my-app/deps/vfs-dev-part/src:/home/phyllalix/RASPI/my-app/deps/vfs-dev-part/src -v /home/phyllalix/RASPI/my-app/deps/lwip/src/esp8266/sdk_lwip/src/netif:/home/phyllalix/RASPI/my-app/deps/lwip/src/esp8266/sdk_lwip/src/netif -v /home/phyllalix/RASPI/my-app/deps/vfs-fs-lfs/include:/home/phyllalix/RASPI/my-app/deps/vfs-fs-lfs/include -v /home/phyllalix/RASPI/my-app/deps/rpc-mqtt/src:/home/phyllalix/RASPI/my-app/deps/rpc-mqtt/src -v /home/phyllalix/RASPI/my-app/deps/rpc-uart/src:/home/phyllalix/RASPI/my-app/deps/rpc-uart/src -v /home/phyllalix/RASPI/my-app/deps/modules/mbedtls/include:/home/phyllalix/RASPI/my-app/deps/modules/mbedtls/include -v /home/phyllalix/RASPI/my-app/deps/vfs-fs-spiffs/include/esp8266:/home/phyllalix/RASPI/my-app/deps/vfs-fs-spiffs/include/esp8266 -v /home/phyllalix/RASPI/my-app/deps/vfs-fs-lfs/src:/home/phyllalix/RASPI/my-app/deps/vfs-fs-lfs/src -v /home/phyllalix/RASPI/my-app/deps/lwip/src/esp8266/sdk_lwip/src/core:/home/phyllalix/RASPI/my-app/deps/lwip/src/esp8266/sdk_lwip/src/core -v /home/phyllalix/RASPI/my-app/deps/vfs-dev-part/include:/home/phyllalix/RASPI/my-app/deps/vfs-dev-part/include -v /home/phyllalix/RASPI/my-app/deps/vfs-fs-spiffs/include:/home/phyllalix/RASPI/my-app/deps/vfs-fs-spiffs/include -v /home/phyllalix/RASPI/my-app/deps/atca/src:/home/phyllalix/RASPI/my-app/deps/atca/src -v /home/phyllalix/RASPI/my-app/deps/atca/cryptoauthlib/lib/mbedtls:/home/phyllalix/RASPI/my-app/deps/atca/cryptoauthlib/lib/mbedtls -v /home/phyllalix/RASPI/my-app/deps/rpc-service-config/src:/home/phyllalix/RASPI/my-app/deps/rpc-service-config/src -v /home/phyllalix/RASPI/my-app/deps/http-server/include:/home/phyllalix/RASPI/my-app/deps/http-server/include -v /home/phyllalix/RASPI/my-app/deps/mqtt/src:/home/phyllalix/RASPI/my-app/deps/mqtt/src -v /home/phyllalix/RASPI/my-app/deps/atca/include:/home/phyllalix/RASPI/my-app/deps/atca/include -v /home/phyllalix/RASPI/my-app/deps/mongoose/include:/home/phyllalix/RASPI/my-app/deps/mongoose/include -v /home/phyllalix/RASPI/my-app/deps/core/include/esp8266:/home/phyllalix/RASPI/my-app/deps/core/include/esp8266 -v /home/phyllalix/RASPI/my-app/build/objs:/home/phyllalix/RASPI/my-app/build/objs -v /home/phyllalix/RASPI/my-app/deps/atca/cryptoauthlib/lib:/home/phyllalix/RASPI/my-app/deps/atca/cryptoauthlib/lib -v /home/phyllalix/RASPI/my-app/deps/lwip/src/esp8266:/home/phyllalix/RASPI/my-app/deps/lwip/src/esp8266 -v /home/phyllalix/RASPI/my-app/deps/wifi/src:/home/phyllalix/RASPI/my-app/deps/wifi/src -v /home/phyllalix/RASPI/my-app/deps/wifi/src/esp8266:/home/phyllalix/RASPI/my-app/deps/wifi/src/esp8266 --user 0:0 docker.io/mgos/esp8266-build:3.0.6_1391d154-r1 /bin/bash -c nice make '-j' '12' '-C' '/app' '-f' '/home/phyllalix/RASPI/my-app/deps/modules/mongoose-os/platforms/esp8266/Makefile.build' 'all' 'MGOS_VARS_FILE=/home/phyllalix/RASPI/my-app/build/gen/vars.mk'
make: Entering directory '/app'
  CC    /home/phyllalix/RASPI/my-app/src/main.c
  GEN   /home/phyllalix/RASPI/my-app/build/gen/build_info.c
  CC    /home/phyllalix/RASPI/my-app/build/gen/build_info.c
  LD    /home/phyllalix/RASPI/my-app/build/objs/my-app.elf
  FW    /home/phyllalix/RASPI/my-app/build/objs/my-app.elf -> /home/phyllalix/RASPI/my-app/build/objs/my-app.bin
  GEN   /home/phyllalix/RASPI/my-app/build/objs/fw_temp/manifest.json
  ZIP   /home/phyllalix/RASPI/my-app/build/fw/my-app-esp8266-last.zip
     Adding /home/phyllalix/RASPI/my-app/build/objs/fw_temp/esp_init_data_default_v08.bin
     Adding /home/phyllalix/RASPI/my-app/build/objs/fw_temp/fs.bin
     Adding /home/phyllalix/RASPI/my-app/build/objs/fw_temp/my-app.bin
     Adding /home/phyllalix/RASPI/my-app/build/objs/fw_temp/rboot.bin
  Built my-app/esp8266 version 2.19.1 (20230125-084824/2.13.0-ge44f822-master-dirty)
make: Leaving directory '/app'
Success, built my-app/esp8266 version 2.19.1 (20230125-084824/2.13.0-ge44f822-master-dirty).
Firmware saved to /home/phyllalix/RASPI/my-app/build/fw.zip
